[23:20:43.988] Global cache location '/home/macarrones/.cache/typescript/4.3', safe file path '/usr/local/lib/node_modules/typescript/lib/typingSafeList.json', types map path /usr/local/lib/node_modules/typescript/lib/typesMap.json
[23:20:43.989] Processing cache location '/home/macarrones/.cache/typescript/4.3'
[23:20:43.989] Trying to find '/home/macarrones/.cache/typescript/4.3/package.json'...
[23:20:43.990] Loaded content of '/home/macarrones/.cache/typescript/4.3/package.json': {"private":true,"dependencies":{"types-registry":"^0.1.547"},"devDependencies":{"@types/async":"^3.2.6","@types/atob":"^2.1.2","@types/bcrypt":"^5.0.0","@types/body-parser":"^1.19.0","@types/busboy":"^0.2.3","@types/co":"^4.6.2","@types/concat-stream":"^1.6.0","@types/downloadjs":"^1.4.2","@types/express":"^4.17.12","@types/history":"^4.7.8","@types/inherits":"0.0.30","@types/invariant":"^2.2.34","@types/lodash.debounce":"^4.0.6","@types/luxon":"^1.27.0","@types/lz-string":"^1.3.34","@types/merge-descriptors":"^1.0.1","@types/mkdirp":"^1.0.1","@types/multer":"^1.4.5","@types/node":"^15.12.2","@types/nodemon":"^1.19.0","@types/object-assign":"^4.0.30","@types/on-finished":"^2.3.1","@types/react":"^17.0.11","@types/react-dom":"^17.0.8","@types/react-highlight-words":"^0.16.2","@types/react-is":"^17.0.1","@types/react-lifecycles-compat":"^3.0.1","@types/react-loadable":"^5.5.5","@types/react-paginate":"^7.1.0","@types/react-redux":"^7.1.16","@types/react-resizable":"^1.7.2","@types/react-router":"^5.1.15","@types/react-router-dom":"^5.1.7","@types/react-table":"^7.7.1","@types/redux-actions":"^2.6.1","@types/serve-static":"^1.13.9","@types/shallowequal":"^1.1.1","@types/sprintf":"^0.1.0","@types/styled-components":"^5.1.10","@types/testing-library__jest-dom":"^5.14.0","@types/tryer":"^1.0.1","@types/type-is":"^1.6.3","@types/underscore":"^1.11.2","@types/validator":"^13.1.4","@types/xtend":"^4.0.3","@types/yup":"^0.29.11"}}
[23:20:43.990] Loaded content of '/home/macarrones/.cache/typescript/4.3/package-lock.json'
[23:20:43.998] Adding entry into typings cache: 'async' => '/home/macarrones/.cache/typescript/4.3/node_modules/@types/async/index.d.ts'
[23:20:44.000] Adding entry into typings cache: 'atob' => '/home/macarrones/.cache/typescript/4.3/node_modules/@types/atob/index.d.ts'
[23:20:44.001] Adding entry into typings cache: 'bcrypt' => '/home/macarrones/.cache/typescript/4.3/node_modules/@types/bcrypt/index.d.ts'
[23:20:44.004] Adding entry into typings cache: 'body-parser' => '/home/macarrones/.cache/typescript/4.3/node_modules/@types/body-parser/index.d.ts'
[23:20:44.005] Adding entry into typings cache: 'busboy' => '/home/macarrones/.cache/typescript/4.3/node_modules/@types/busboy/index.d.ts'
[23:20:44.007] Adding entry into typings cache: 'co' => '/home/macarrones/.cache/typescript/4.3/node_modules/@types/co/index.d.ts'
[23:20:44.008] Adding entry into typings cache: 'concat-stream' => '/home/macarrones/.cache/typescript/4.3/node_modules/@types/concat-stream/index.d.ts'
[23:20:44.010] Adding entry into typings cache: 'downloadjs' => '/home/macarrones/.cache/typescript/4.3/node_modules/@types/downloadjs/index.d.ts'
[23:20:44.012] Adding entry into typings cache: 'express' => '/home/macarrones/.cache/typescript/4.3/node_modules/@types/express/index.d.ts'
[23:20:44.014] Adding entry into typings cache: 'history' => '/home/macarrones/.cache/typescript/4.3/node_modules/@types/history/index.d.ts'
[23:20:44.016] Adding entry into typings cache: 'inherits' => '/home/macarrones/.cache/typescript/4.3/node_modules/@types/inherits/index.d.ts'
[23:20:44.017] Adding entry into typings cache: 'invariant' => '/home/macarrones/.cache/typescript/4.3/node_modules/@types/invariant/index.d.ts'
[23:20:44.019] Adding entry into typings cache: 'lodash.debounce' => '/home/macarrones/.cache/typescript/4.3/node_modules/@types/lodash.debounce/index.d.ts'
[23:20:44.020] Adding entry into typings cache: 'luxon' => '/home/macarrones/.cache/typescript/4.3/node_modules/@types/luxon/index.d.ts'
[23:20:44.021] Adding entry into typings cache: 'lz-string' => '/home/macarrones/.cache/typescript/4.3/node_modules/@types/lz-string/index.d.ts'
[23:20:44.023] Adding entry into typings cache: 'merge-descriptors' => '/home/macarrones/.cache/typescript/4.3/node_modules/@types/merge-descriptors/index.d.ts'
[23:20:44.024] Adding entry into typings cache: 'mkdirp' => '/home/macarrones/.cache/typescript/4.3/node_modules/@types/mkdirp/index.d.ts'
[23:20:44.025] Adding entry into typings cache: 'multer' => '/home/macarrones/.cache/typescript/4.3/node_modules/@types/multer/index.d.ts'
[23:20:44.028] Adding entry into typings cache: 'node' => '/home/macarrones/.cache/typescript/4.3/node_modules/@types/node/index.d.ts'
[23:20:44.029] Adding entry into typings cache: 'nodemon' => '/home/macarrones/.cache/typescript/4.3/node_modules/@types/nodemon/index.d.ts'
[23:20:44.030] Adding entry into typings cache: 'object-assign' => '/home/macarrones/.cache/typescript/4.3/node_modules/@types/object-assign/index.d.ts'
[23:20:44.031] Adding entry into typings cache: 'on-finished' => '/home/macarrones/.cache/typescript/4.3/node_modules/@types/on-finished/index.d.ts'
[23:20:44.034] Adding entry into typings cache: 'react' => '/home/macarrones/.cache/typescript/4.3/node_modules/@types/react/index.d.ts'
[23:20:44.034] Adding entry into typings cache: 'react-dom' => '/home/macarrones/.cache/typescript/4.3/node_modules/@types/react-dom/index.d.ts'
[23:20:44.036] Adding entry into typings cache: 'react-highlight-words' => '/home/macarrones/.cache/typescript/4.3/node_modules/@types/react-highlight-words/index.d.ts'
[23:20:44.038] Adding entry into typings cache: 'react-is' => '/home/macarrones/.cache/typescript/4.3/node_modules/@types/react-is/index.d.ts'
[23:20:44.039] Adding entry into typings cache: 'react-lifecycles-compat' => '/home/macarrones/.cache/typescript/4.3/node_modules/@types/react-lifecycles-compat/index.d.ts'
[23:20:44.040] Adding entry into typings cache: 'react-loadable' => '/home/macarrones/.cache/typescript/4.3/node_modules/@types/react-loadable/index.d.ts'
[23:20:44.042] Adding entry into typings cache: 'react-paginate' => '/home/macarrones/.cache/typescript/4.3/node_modules/@types/react-paginate/index.d.ts'
[23:20:44.045] Adding entry into typings cache: 'react-redux' => '/home/macarrones/.cache/typescript/4.3/node_modules/@types/react-redux/index.d.ts'
[23:20:44.046] Adding entry into typings cache: 'react-resizable' => '/home/macarrones/.cache/typescript/4.3/node_modules/@types/react-resizable/index.d.ts'
[23:20:44.049] Adding entry into typings cache: 'react-router' => '/home/macarrones/.cache/typescript/4.3/node_modules/@types/react-router/index.d.ts'
[23:20:44.050] Adding entry into typings cache: 'react-router-dom' => '/home/macarrones/.cache/typescript/4.3/node_modules/@types/react-router-dom/index.d.ts'
[23:20:44.051] Adding entry into typings cache: 'react-table' => '/home/macarrones/.cache/typescript/4.3/node_modules/@types/react-table/index.d.ts'
[23:20:44.052] Adding entry into typings cache: 'redux-actions' => '/home/macarrones/.cache/typescript/4.3/node_modules/@types/redux-actions/index.d.ts'
[23:20:44.054] Adding entry into typings cache: 'serve-static' => '/home/macarrones/.cache/typescript/4.3/node_modules/@types/serve-static/index.d.ts'
[23:20:44.055] Adding entry into typings cache: 'shallowequal' => '/home/macarrones/.cache/typescript/4.3/node_modules/@types/shallowequal/index.d.ts'
[23:20:44.056] Adding entry into typings cache: 'sprintf' => '/home/macarrones/.cache/typescript/4.3/node_modules/@types/sprintf/index.d.ts'
[23:20:44.057] Adding entry into typings cache: 'styled-components' => '/home/macarrones/.cache/typescript/4.3/node_modules/@types/styled-components/index.d.ts'
[23:20:44.058] Adding entry into typings cache: 'testing-library__jest-dom' => '/home/macarrones/.cache/typescript/4.3/node_modules/@types/testing-library__jest-dom/index.d.ts'
[23:20:44.059] Adding entry into typings cache: 'tryer' => '/home/macarrones/.cache/typescript/4.3/node_modules/@types/tryer/index.d.ts'
[23:20:44.059] Adding entry into typings cache: 'type-is' => '/home/macarrones/.cache/typescript/4.3/node_modules/@types/type-is/index.d.ts'
[23:20:44.060] Adding entry into typings cache: 'underscore' => '/home/macarrones/.cache/typescript/4.3/node_modules/@types/underscore/index.d.ts'
[23:20:44.061] Adding entry into typings cache: 'validator' => '/home/macarrones/.cache/typescript/4.3/node_modules/@types/validator/index.d.ts'
[23:20:44.062] Adding entry into typings cache: 'xtend' => '/home/macarrones/.cache/typescript/4.3/node_modules/@types/xtend/index.d.ts'
[23:20:44.063] Adding entry into typings cache: 'yup' => '/home/macarrones/.cache/typescript/4.3/node_modules/@types/yup/index.d.ts'
[23:20:44.063] Finished processing cache location '/home/macarrones/.cache/typescript/4.3'
[23:20:44.063] Process id: 15596
[23:20:44.064] NPM location: /usr/local/bin/npm (explicit '--npmLocation' not  provided)
[23:20:44.064] validateDefaultNpmLocation: false
[23:20:44.064] Npm config file: /home/macarrones/.cache/typescript/4.3/package.json
[23:20:44.064] Updating types-registry npm package...
[23:20:44.064] Exec: /usr/local/bin/npm install --ignore-scripts types-registry@latest
[23:20:45.209]     Succeeded. stdout:
    
    up to date, audited 92 packages in 1s

3 packages are looking for funding
  run `npm fund` for details

found 0 vulnerabilities

[23:20:45.209] Updated types-registry npm package
[23:20:45.223] Got install request {"projectName":"/dev/null/inferredProject1*","fileNames":["/usr/local/lib/node_modules/typescript/lib/lib.es5.d.ts","/usr/local/lib/node_modules/typescript/lib/lib.es2015.d.ts","/usr/local/lib/node_modules/typescript/lib/lib.es2016.d.ts","/usr/local/lib/node_modules/typescript/lib/lib.dom.d.ts","/usr/local/lib/node_modules/typescript/lib/lib.dom.iterable.d.ts","/usr/local/lib/node_modules/typescript/lib/lib.webworker.importscripts.d.ts","/usr/local/lib/node_modules/typescript/lib/lib.scripthost.d.ts","/usr/local/lib/node_modules/typescript/lib/lib.es2015.core.d.ts","/usr/local/lib/node_modules/typescript/lib/lib.es2015.collection.d.ts","/usr/local/lib/node_modules/typescript/lib/lib.es2015.generator.d.ts","/usr/local/lib/node_modules/typescript/lib/lib.es2015.iterable.d.ts","/usr/local/lib/node_modules/typescript/lib/lib.es2015.promise.d.ts","/usr/local/lib/node_modules/typescript/lib/lib.es2015.proxy.d.ts","/usr/local/lib/node_modules/typescript/lib/lib.es2015.reflect.d.ts","/usr/local/lib/node_modules/typescript/lib/lib.es2015.symbol.d.ts","/usr/local/lib/node_modules/typescript/lib/lib.es2015.symbol.wellknown.d.ts","/usr/local/lib/node_modules/typescript/lib/lib.es2016.array.include.d.ts","/usr/local/lib/node_modules/typescript/lib/lib.es2016.full.d.ts","/home/macarrones/Projects/Melquisedec-API/controllers/product/utils.js","/home/macarrones/Projects/Melquisedec-API/controllers/product/filters.js","/home/macarrones/Projects/Melquisedec-API/utils/fetchPaginated.js","/home/macarrones/Projects/Melquisedec-API/controllers/product/index.js"],"compilerOptions":{"module":1,"target":3,"jsx":1,"allowJs":true,"allowSyntheticDefaultImports":true,"allowNonTsExtensions":true,"noEmitForJsFiles":true,"maxNodeModuleJsDepth":2},"typeAcquisition":{"enable":true,"include":[],"exclude":[]},"unresolvedImports":[],"projectRootPath":"/home/macarrones/Projects/Melquisedec-API/controllers/product","kind":"discover"}
[23:20:45.235] Loaded safelist from types map file '/usr/local/lib/node_modules/typescript/lib/typesMap.json'
[23:20:45.235] Explicitly included types: []
[23:20:45.236] Inferred typings from unresolved imports: []
[23:20:45.236] Result: {"cachedTypingPaths":[],"newTypingNames":[],"filesToWatch":["/home/macarrones/Projects/Melquisedec-API/controllers/product/bower_components","/home/macarrones/Projects/Melquisedec-API/controllers/product/node_modules","/home/macarrones/Projects/Melquisedec-API/utils/bower_components","/home/macarrones/Projects/Melquisedec-API/utils/node_modules"]}
[23:20:45.236] Finished typings discovery: {"cachedTypingPaths":[],"newTypingNames":[],"filesToWatch":["/home/macarrones/Projects/Melquisedec-API/controllers/product/bower_components","/home/macarrones/Projects/Melquisedec-API/controllers/product/node_modules","/home/macarrones/Projects/Melquisedec-API/utils/bower_components","/home/macarrones/Projects/Melquisedec-API/utils/node_modules"]}
[23:20:45.236] DirectoryWatcher:: Added:: WatchInfo: /home/macarrones/Projects/Melquisedec-API/controllers/product/bower_components
[23:20:45.236] DirectoryWatcher:: Added:: WatchInfo: /home/macarrones/Projects/Melquisedec-API/controllers/product/bower_components 1 undefined Project: /dev/null/inferredProject1* watcher already invoked: false
[23:20:45.238] Elapsed:: 1.1229189997538924ms DirectoryWatcher:: Added:: WatchInfo: /home/macarrones/Projects/Melquisedec-API/controllers/product/bower_components 1 undefined Project: /dev/null/inferredProject1* watcher already invoked: false
[23:20:45.238] DirectoryWatcher:: Added:: WatchInfo: /home/macarrones/Projects/Melquisedec-API/controllers/product/node_modules
[23:20:45.238] DirectoryWatcher:: Added:: WatchInfo: /home/macarrones/Projects/Melquisedec-API/controllers/product/node_modules 1 undefined Project: /dev/null/inferredProject1* watcher already invoked: false
[23:20:45.238] Elapsed:: 0.08586099930107594ms DirectoryWatcher:: Added:: WatchInfo: /home/macarrones/Projects/Melquisedec-API/controllers/product/node_modules 1 undefined Project: /dev/null/inferredProject1* watcher already invoked: false
[23:20:45.238] DirectoryWatcher:: Added:: WatchInfo: /home/macarrones/Projects/Melquisedec-API/utils/bower_components
[23:20:45.238] DirectoryWatcher:: Added:: WatchInfo: /home/macarrones/Projects/Melquisedec-API/utils/bower_components 1 undefined Project: /dev/null/inferredProject1* watcher already invoked: false
[23:20:45.238] Elapsed:: 0.06533400062471628ms DirectoryWatcher:: Added:: WatchInfo: /home/macarrones/Projects/Melquisedec-API/utils/bower_components 1 undefined Project: /dev/null/inferredProject1* watcher already invoked: false
[23:20:45.238] DirectoryWatcher:: Added:: WatchInfo: /home/macarrones/Projects/Melquisedec-API/utils/node_modules
[23:20:45.238] DirectoryWatcher:: Added:: WatchInfo: /home/macarrones/Projects/Melquisedec-API/utils/node_modules 1 undefined Project: /dev/null/inferredProject1* watcher already invoked: false
[23:20:45.238] Elapsed:: 0.06312899943441153ms DirectoryWatcher:: Added:: WatchInfo: /home/macarrones/Projects/Melquisedec-API/utils/node_modules 1 undefined Project: /dev/null/inferredProject1* watcher already invoked: false
[23:20:45.238] Sending response:
    {"projectName":"/dev/null/inferredProject1*","typeAcquisition":{"enable":true,"include":[],"exclude":[]},"compilerOptions":{"module":1,"target":3,"jsx":1,"allowJs":true,"allowSyntheticDefaultImports":true,"allowNonTsExtensions":true,"noEmitForJsFiles":true,"maxNodeModuleJsDepth":2},"typings":[],"unresolvedImports":[],"kind":"action::set"}
[23:20:45.238] Response has been sent.
[23:20:45.239] No new typings were requested as a result of typings discovery
[23:27:55.939] Got install request {"projectName":"/dev/null/inferredProject2*","fileNames":["/usr/local/lib/node_modules/typescript/lib/lib.es5.d.ts","/usr/local/lib/node_modules/typescript/lib/lib.es2015.d.ts","/usr/local/lib/node_modules/typescript/lib/lib.es2016.d.ts","/usr/local/lib/node_modules/typescript/lib/lib.dom.d.ts","/usr/local/lib/node_modules/typescript/lib/lib.dom.iterable.d.ts","/usr/local/lib/node_modules/typescript/lib/lib.webworker.importscripts.d.ts","/usr/local/lib/node_modules/typescript/lib/lib.scripthost.d.ts","/usr/local/lib/node_modules/typescript/lib/lib.es2015.core.d.ts","/usr/local/lib/node_modules/typescript/lib/lib.es2015.collection.d.ts","/usr/local/lib/node_modules/typescript/lib/lib.es2015.generator.d.ts","/usr/local/lib/node_modules/typescript/lib/lib.es2015.iterable.d.ts","/usr/local/lib/node_modules/typescript/lib/lib.es2015.promise.d.ts","/usr/local/lib/node_modules/typescript/lib/lib.es2015.proxy.d.ts","/usr/local/lib/node_modules/typescript/lib/lib.es2015.reflect.d.ts","/usr/local/lib/node_modules/typescript/lib/lib.es2015.symbol.d.ts","/usr/local/lib/node_modules/typescript/lib/lib.es2015.symbol.wellknown.d.ts","/usr/local/lib/node_modules/typescript/lib/lib.es2016.array.include.d.ts","/usr/local/lib/node_modules/typescript/lib/lib.es2016.full.d.ts","/home/macarrones/Projects/Melquisedec-API/dataSchema/product.js"],"compilerOptions":{"module":1,"target":3,"jsx":1,"allowJs":true,"allowSyntheticDefaultImports":true,"allowNonTsExtensions":true,"noEmitForJsFiles":true,"maxNodeModuleJsDepth":2},"typeAcquisition":{"enable":true,"include":[],"exclude":[]},"unresolvedImports":[],"projectRootPath":"/home/macarrones/Projects/Melquisedec-API/dataSchema","kind":"discover"}
[23:27:55.939] Explicitly included types: []
[23:27:55.940] Inferred typings from unresolved imports: []
[23:27:55.940] Result: {"cachedTypingPaths":[],"newTypingNames":[],"filesToWatch":["/home/macarrones/Projects/Melquisedec-API/dataSchema/bower_components","/home/macarrones/Projects/Melquisedec-API/dataSchema/node_modules"]}
[23:27:55.940] Finished typings discovery: {"cachedTypingPaths":[],"newTypingNames":[],"filesToWatch":["/home/macarrones/Projects/Melquisedec-API/dataSchema/bower_components","/home/macarrones/Projects/Melquisedec-API/dataSchema/node_modules"]}
[23:27:55.940] DirectoryWatcher:: Added:: WatchInfo: /home/macarrones/Projects/Melquisedec-API/dataSchema/bower_components
[23:27:55.940] DirectoryWatcher:: Added:: WatchInfo: /home/macarrones/Projects/Melquisedec-API/dataSchema/bower_components 1 undefined Project: /dev/null/inferredProject2* watcher already invoked: false
[23:27:55.940] Elapsed:: 0.09876399952918291ms DirectoryWatcher:: Added:: WatchInfo: /home/macarrones/Projects/Melquisedec-API/dataSchema/bower_components 1 undefined Project: /dev/null/inferredProject2* watcher already invoked: false
[23:27:55.940] DirectoryWatcher:: Added:: WatchInfo: /home/macarrones/Projects/Melquisedec-API/dataSchema/node_modules
[23:27:55.940] DirectoryWatcher:: Added:: WatchInfo: /home/macarrones/Projects/Melquisedec-API/dataSchema/node_modules 1 undefined Project: /dev/null/inferredProject2* watcher already invoked: false
[23:27:55.940] Elapsed:: 0.07263899967074394ms DirectoryWatcher:: Added:: WatchInfo: /home/macarrones/Projects/Melquisedec-API/dataSchema/node_modules 1 undefined Project: /dev/null/inferredProject2* watcher already invoked: false
[23:27:55.940] Sending response:
    {"projectName":"/dev/null/inferredProject2*","typeAcquisition":{"enable":true,"include":[],"exclude":[]},"compilerOptions":{"module":1,"target":3,"jsx":1,"allowJs":true,"allowSyntheticDefaultImports":true,"allowNonTsExtensions":true,"noEmitForJsFiles":true,"maxNodeModuleJsDepth":2},"typings":[],"unresolvedImports":[],"kind":"action::set"}
[23:27:55.940] Response has been sent.
[23:27:55.940] No new typings were requested as a result of typings discovery
[23:37:44.835] Got install request {"projectName":"/dev/null/inferredProject3*","fileNames":["/usr/local/lib/node_modules/typescript/lib/lib.es5.d.ts","/usr/local/lib/node_modules/typescript/lib/lib.es2015.d.ts","/usr/local/lib/node_modules/typescript/lib/lib.es2016.d.ts","/usr/local/lib/node_modules/typescript/lib/lib.dom.d.ts","/usr/local/lib/node_modules/typescript/lib/lib.dom.iterable.d.ts","/usr/local/lib/node_modules/typescript/lib/lib.webworker.importscripts.d.ts","/usr/local/lib/node_modules/typescript/lib/lib.scripthost.d.ts","/usr/local/lib/node_modules/typescript/lib/lib.es2015.core.d.ts","/usr/local/lib/node_modules/typescript/lib/lib.es2015.collection.d.ts","/usr/local/lib/node_modules/typescript/lib/lib.es2015.generator.d.ts","/usr/local/lib/node_modules/typescript/lib/lib.es2015.iterable.d.ts","/usr/local/lib/node_modules/typescript/lib/lib.es2015.promise.d.ts","/usr/local/lib/node_modules/typescript/lib/lib.es2015.proxy.d.ts","/usr/local/lib/node_modules/typescript/lib/lib.es2015.reflect.d.ts","/usr/local/lib/node_modules/typescript/lib/lib.es2015.symbol.d.ts","/usr/local/lib/node_modules/typescript/lib/lib.es2015.symbol.wellknown.d.ts","/usr/local/lib/node_modules/typescript/lib/lib.es2016.array.include.d.ts","/usr/local/lib/node_modules/typescript/lib/lib.es2016.full.d.ts","/home/macarrones/Projects/Melquisedec-API/controllers/product/utils.js","/home/macarrones/Projects/Melquisedec-API/controllers/product/filters.js","/home/macarrones/Projects/Melquisedec-API/utils/fetchPaginated.js","/home/macarrones/Projects/Melquisedec-API/controllers/product/index.js","/home/macarrones/Projects/Melquisedec-API/middlewares/paginate.js","/home/macarrones/Projects/Melquisedec-API/middlewares/validateBody.js","/home/macarrones/Projects/Melquisedec-API/dataSchema/product.js","/home/macarrones/Projects/Melquisedec-API/routes/product.js"],"compilerOptions":{"module":1,"target":3,"jsx":1,"allowJs":true,"allowSyntheticDefaultImports":true,"allowNonTsExtensions":true,"noEmitForJsFiles":true,"maxNodeModuleJsDepth":2},"typeAcquisition":{"enable":true,"include":[],"exclude":[]},"unresolvedImports":[],"projectRootPath":"/home/macarrones/Projects/Melquisedec-API/routes","kind":"discover"}
[23:37:44.836] Explicitly included types: []
[23:37:44.837] Inferred typings from unresolved imports: []
[23:37:44.837] Result: {"cachedTypingPaths":[],"newTypingNames":[],"filesToWatch":["/home/macarrones/Projects/Melquisedec-API/controllers/product/bower_components","/home/macarrones/Projects/Melquisedec-API/controllers/product/node_modules","/home/macarrones/Projects/Melquisedec-API/utils/bower_components","/home/macarrones/Projects/Melquisedec-API/utils/node_modules","/home/macarrones/Projects/Melquisedec-API/middlewares/bower_components","/home/macarrones/Projects/Melquisedec-API/middlewares/node_modules","/home/macarrones/Projects/Melquisedec-API/dataSchema/bower_components","/home/macarrones/Projects/Melquisedec-API/dataSchema/node_modules","/home/macarrones/Projects/Melquisedec-API/routes/bower_components","/home/macarrones/Projects/Melquisedec-API/routes/node_modules"]}
[23:37:44.837] Finished typings discovery: {"cachedTypingPaths":[],"newTypingNames":[],"filesToWatch":["/home/macarrones/Projects/Melquisedec-API/controllers/product/bower_components","/home/macarrones/Projects/Melquisedec-API/controllers/product/node_modules","/home/macarrones/Projects/Melquisedec-API/utils/bower_components","/home/macarrones/Projects/Melquisedec-API/utils/node_modules","/home/macarrones/Projects/Melquisedec-API/middlewares/bower_components","/home/macarrones/Projects/Melquisedec-API/middlewares/node_modules","/home/macarrones/Projects/Melquisedec-API/dataSchema/bower_components","/home/macarrones/Projects/Melquisedec-API/dataSchema/node_modules","/home/macarrones/Projects/Melquisedec-API/routes/bower_components","/home/macarrones/Projects/Melquisedec-API/routes/node_modules"]}
[23:37:44.837] DirectoryWatcher:: Added:: WatchInfo: /home/macarrones/Projects/Melquisedec-API/controllers/product/bower_components
[23:37:44.837] DirectoryWatcher:: Added:: WatchInfo: /home/macarrones/Projects/Melquisedec-API/controllers/product/bower_components 1 undefined Project: /dev/null/inferredProject3* watcher already invoked: false
[23:37:44.838] Elapsed:: 0.05454599857330322ms DirectoryWatcher:: Added:: WatchInfo: /home/macarrones/Projects/Melquisedec-API/controllers/product/bower_components 1 undefined Project: /dev/null/inferredProject3* watcher already invoked: false
[23:37:44.838] DirectoryWatcher:: Added:: WatchInfo: /home/macarrones/Projects/Melquisedec-API/controllers/product/node_modules
[23:37:44.838] DirectoryWatcher:: Added:: WatchInfo: /home/macarrones/Projects/Melquisedec-API/controllers/product/node_modules 1 undefined Project: /dev/null/inferredProject3* watcher already invoked: false
[23:37:44.838] Elapsed:: 0.016119999811053276ms DirectoryWatcher:: Added:: WatchInfo: /home/macarrones/Projects/Melquisedec-API/controllers/product/node_modules 1 undefined Project: /dev/null/inferredProject3* watcher already invoked: false
[23:37:44.838] DirectoryWatcher:: Added:: WatchInfo: /home/macarrones/Projects/Melquisedec-API/utils/bower_components
[23:37:44.838] DirectoryWatcher:: Added:: WatchInfo: /home/macarrones/Projects/Melquisedec-API/utils/bower_components 1 undefined Project: /dev/null/inferredProject3* watcher already invoked: false
[23:37:44.838] Elapsed:: 0.014986000955104828ms DirectoryWatcher:: Added:: WatchInfo: /home/macarrones/Projects/Melquisedec-API/utils/bower_components 1 undefined Project: /dev/null/inferredProject3* watcher already invoked: false
[23:37:44.839] DirectoryWatcher:: Added:: WatchInfo: /home/macarrones/Projects/Melquisedec-API/utils/node_modules
[23:37:44.839] DirectoryWatcher:: Added:: WatchInfo: /home/macarrones/Projects/Melquisedec-API/utils/node_modules 1 undefined Project: /dev/null/inferredProject3* watcher already invoked: false
[23:37:44.839] Elapsed:: 0.01440500095486641ms DirectoryWatcher:: Added:: WatchInfo: /home/macarrones/Projects/Melquisedec-API/utils/node_modules 1 undefined Project: /dev/null/inferredProject3* watcher already invoked: false
[23:37:44.839] DirectoryWatcher:: Added:: WatchInfo: /home/macarrones/Projects/Melquisedec-API/middlewares/bower_components
[23:37:44.839] DirectoryWatcher:: Added:: WatchInfo: /home/macarrones/Projects/Melquisedec-API/middlewares/bower_components 1 undefined Project: /dev/null/inferredProject3* watcher already invoked: false
[23:37:44.839] Elapsed:: 0.35392299853265285ms DirectoryWatcher:: Added:: WatchInfo: /home/macarrones/Projects/Melquisedec-API/middlewares/bower_components 1 undefined Project: /dev/null/inferredProject3* watcher already invoked: false
[23:37:44.840] DirectoryWatcher:: Added:: WatchInfo: /home/macarrones/Projects/Melquisedec-API/middlewares/node_modules
[23:37:44.840] DirectoryWatcher:: Added:: WatchInfo: /home/macarrones/Projects/Melquisedec-API/middlewares/node_modules 1 undefined Project: /dev/null/inferredProject3* watcher already invoked: false
[23:37:44.840] Elapsed:: 0.23894000053405762ms DirectoryWatcher:: Added:: WatchInfo: /home/macarrones/Projects/Melquisedec-API/middlewares/node_modules 1 undefined Project: /dev/null/inferredProject3* watcher already invoked: false
[23:37:44.840] DirectoryWatcher:: Added:: WatchInfo: /home/macarrones/Projects/Melquisedec-API/dataSchema/bower_components
[23:37:44.840] DirectoryWatcher:: Added:: WatchInfo: /home/macarrones/Projects/Melquisedec-API/dataSchema/bower_components 1 undefined Project: /dev/null/inferredProject3* watcher already invoked: false
[23:37:44.840] Elapsed:: 0.016232000663876534ms DirectoryWatcher:: Added:: WatchInfo: /home/macarrones/Projects/Melquisedec-API/dataSchema/bower_components 1 undefined Project: /dev/null/inferredProject3* watcher already invoked: false
[23:37:44.841] DirectoryWatcher:: Added:: WatchInfo: /home/macarrones/Projects/Melquisedec-API/dataSchema/node_modules
[23:37:44.841] DirectoryWatcher:: Added:: WatchInfo: /home/macarrones/Projects/Melquisedec-API/dataSchema/node_modules 1 undefined Project: /dev/null/inferredProject3* watcher already invoked: false
[23:37:44.841] Elapsed:: 0.027134999632835388ms DirectoryWatcher:: Added:: WatchInfo: /home/macarrones/Projects/Melquisedec-API/dataSchema/node_modules 1 undefined Project: /dev/null/inferredProject3* watcher already invoked: false
[23:37:44.841] DirectoryWatcher:: Added:: WatchInfo: /home/macarrones/Projects/Melquisedec-API/routes/bower_components
[23:37:44.841] DirectoryWatcher:: Added:: WatchInfo: /home/macarrones/Projects/Melquisedec-API/routes/bower_components 1 undefined Project: /dev/null/inferredProject3* watcher already invoked: false
[23:37:44.841] Elapsed:: 0.25139700062572956ms DirectoryWatcher:: Added:: WatchInfo: /home/macarrones/Projects/Melquisedec-API/routes/bower_components 1 undefined Project: /dev/null/inferredProject3* watcher already invoked: false
[23:37:44.841] DirectoryWatcher:: Added:: WatchInfo: /home/macarrones/Projects/Melquisedec-API/routes/node_modules
[23:37:44.842] DirectoryWatcher:: Added:: WatchInfo: /home/macarrones/Projects/Melquisedec-API/routes/node_modules 1 undefined Project: /dev/null/inferredProject3* watcher already invoked: false
[23:37:44.842] Elapsed:: 0.2338590007275343ms DirectoryWatcher:: Added:: WatchInfo: /home/macarrones/Projects/Melquisedec-API/routes/node_modules 1 undefined Project: /dev/null/inferredProject3* watcher already invoked: false
[23:37:44.842] Sending response:
    {"projectName":"/dev/null/inferredProject3*","typeAcquisition":{"enable":true,"include":[],"exclude":[]},"compilerOptions":{"module":1,"target":3,"jsx":1,"allowJs":true,"allowSyntheticDefaultImports":true,"allowNonTsExtensions":true,"noEmitForJsFiles":true,"maxNodeModuleJsDepth":2},"typings":[],"unresolvedImports":[],"kind":"action::set"}
[23:37:44.842] Response has been sent.
[23:37:44.842] No new typings were requested as a result of typings discovery
