[00:52:28.929] Global cache location '/home/macarrones/.cache/typescript/4.3', safe file path '/usr/local/lib/node_modules/typescript/lib/typingSafeList.json', types map path /usr/local/lib/node_modules/typescript/lib/typesMap.json
[00:52:28.930] Processing cache location '/home/macarrones/.cache/typescript/4.3'
[00:52:28.930] Trying to find '/home/macarrones/.cache/typescript/4.3/package.json'...
[00:52:28.931] Loaded content of '/home/macarrones/.cache/typescript/4.3/package.json': {"private":true,"dependencies":{"types-registry":"^0.1.547"},"devDependencies":{"@types/async":"^3.2.6","@types/atob":"^2.1.2","@types/bcrypt":"^5.0.0","@types/body-parser":"^1.19.0","@types/busboy":"^0.2.3","@types/co":"^4.6.2","@types/concat-stream":"^1.6.0","@types/downloadjs":"^1.4.2","@types/express":"^4.17.12","@types/history":"^4.7.8","@types/inherits":"0.0.30","@types/invariant":"^2.2.34","@types/lodash.debounce":"^4.0.6","@types/luxon":"^1.27.0","@types/lz-string":"^1.3.34","@types/merge-descriptors":"^1.0.1","@types/mkdirp":"^1.0.1","@types/multer":"^1.4.5","@types/node":"^15.12.2","@types/nodemon":"^1.19.0","@types/object-assign":"^4.0.30","@types/on-finished":"^2.3.1","@types/react":"^17.0.11","@types/react-dom":"^17.0.8","@types/react-highlight-words":"^0.16.2","@types/react-is":"^17.0.1","@types/react-lifecycles-compat":"^3.0.1","@types/react-loadable":"^5.5.5","@types/react-paginate":"^7.1.0","@types/react-redux":"^7.1.16","@types/react-resizable":"^1.7.2","@types/react-router":"^5.1.15","@types/react-router-dom":"^5.1.7","@types/react-table":"^7.7.1","@types/redux-actions":"^2.6.1","@types/serve-static":"^1.13.9","@types/shallowequal":"^1.1.1","@types/sprintf":"^0.1.0","@types/styled-components":"^5.1.10","@types/testing-library__jest-dom":"^5.14.0","@types/tryer":"^1.0.1","@types/type-is":"^1.6.3","@types/underscore":"^1.11.2","@types/validator":"^13.1.4","@types/xtend":"^4.0.3","@types/yup":"^0.29.11"}}
[00:52:28.931] Loaded content of '/home/macarrones/.cache/typescript/4.3/package-lock.json'
[00:52:28.939] Adding entry into typings cache: 'async' => '/home/macarrones/.cache/typescript/4.3/node_modules/@types/async/index.d.ts'
[00:52:28.941] Adding entry into typings cache: 'atob' => '/home/macarrones/.cache/typescript/4.3/node_modules/@types/atob/index.d.ts'
[00:52:28.942] Adding entry into typings cache: 'bcrypt' => '/home/macarrones/.cache/typescript/4.3/node_modules/@types/bcrypt/index.d.ts'
[00:52:28.945] Adding entry into typings cache: 'body-parser' => '/home/macarrones/.cache/typescript/4.3/node_modules/@types/body-parser/index.d.ts'
[00:52:28.946] Adding entry into typings cache: 'busboy' => '/home/macarrones/.cache/typescript/4.3/node_modules/@types/busboy/index.d.ts'
[00:52:28.948] Adding entry into typings cache: 'co' => '/home/macarrones/.cache/typescript/4.3/node_modules/@types/co/index.d.ts'
[00:52:28.949] Adding entry into typings cache: 'concat-stream' => '/home/macarrones/.cache/typescript/4.3/node_modules/@types/concat-stream/index.d.ts'
[00:52:28.951] Adding entry into typings cache: 'downloadjs' => '/home/macarrones/.cache/typescript/4.3/node_modules/@types/downloadjs/index.d.ts'
[00:52:28.953] Adding entry into typings cache: 'express' => '/home/macarrones/.cache/typescript/4.3/node_modules/@types/express/index.d.ts'
[00:52:28.955] Adding entry into typings cache: 'history' => '/home/macarrones/.cache/typescript/4.3/node_modules/@types/history/index.d.ts'
[00:52:28.957] Adding entry into typings cache: 'inherits' => '/home/macarrones/.cache/typescript/4.3/node_modules/@types/inherits/index.d.ts'
[00:52:28.958] Adding entry into typings cache: 'invariant' => '/home/macarrones/.cache/typescript/4.3/node_modules/@types/invariant/index.d.ts'
[00:52:28.960] Adding entry into typings cache: 'lodash.debounce' => '/home/macarrones/.cache/typescript/4.3/node_modules/@types/lodash.debounce/index.d.ts'
[00:52:28.961] Adding entry into typings cache: 'luxon' => '/home/macarrones/.cache/typescript/4.3/node_modules/@types/luxon/index.d.ts'
[00:52:28.962] Adding entry into typings cache: 'lz-string' => '/home/macarrones/.cache/typescript/4.3/node_modules/@types/lz-string/index.d.ts'
[00:52:28.964] Adding entry into typings cache: 'merge-descriptors' => '/home/macarrones/.cache/typescript/4.3/node_modules/@types/merge-descriptors/index.d.ts'
[00:52:28.965] Adding entry into typings cache: 'mkdirp' => '/home/macarrones/.cache/typescript/4.3/node_modules/@types/mkdirp/index.d.ts'
[00:52:28.966] Adding entry into typings cache: 'multer' => '/home/macarrones/.cache/typescript/4.3/node_modules/@types/multer/index.d.ts'
[00:52:28.969] Adding entry into typings cache: 'node' => '/home/macarrones/.cache/typescript/4.3/node_modules/@types/node/index.d.ts'
[00:52:28.970] Adding entry into typings cache: 'nodemon' => '/home/macarrones/.cache/typescript/4.3/node_modules/@types/nodemon/index.d.ts'
[00:52:28.971] Adding entry into typings cache: 'object-assign' => '/home/macarrones/.cache/typescript/4.3/node_modules/@types/object-assign/index.d.ts'
[00:52:28.972] Adding entry into typings cache: 'on-finished' => '/home/macarrones/.cache/typescript/4.3/node_modules/@types/on-finished/index.d.ts'
[00:52:28.974] Adding entry into typings cache: 'react' => '/home/macarrones/.cache/typescript/4.3/node_modules/@types/react/index.d.ts'
[00:52:28.975] Adding entry into typings cache: 'react-dom' => '/home/macarrones/.cache/typescript/4.3/node_modules/@types/react-dom/index.d.ts'
[00:52:28.977] Adding entry into typings cache: 'react-highlight-words' => '/home/macarrones/.cache/typescript/4.3/node_modules/@types/react-highlight-words/index.d.ts'
[00:52:28.979] Adding entry into typings cache: 'react-is' => '/home/macarrones/.cache/typescript/4.3/node_modules/@types/react-is/index.d.ts'
[00:52:28.980] Adding entry into typings cache: 'react-lifecycles-compat' => '/home/macarrones/.cache/typescript/4.3/node_modules/@types/react-lifecycles-compat/index.d.ts'
[00:52:28.982] Adding entry into typings cache: 'react-loadable' => '/home/macarrones/.cache/typescript/4.3/node_modules/@types/react-loadable/index.d.ts'
[00:52:28.983] Adding entry into typings cache: 'react-paginate' => '/home/macarrones/.cache/typescript/4.3/node_modules/@types/react-paginate/index.d.ts'
[00:52:28.986] Adding entry into typings cache: 'react-redux' => '/home/macarrones/.cache/typescript/4.3/node_modules/@types/react-redux/index.d.ts'
[00:52:28.987] Adding entry into typings cache: 'react-resizable' => '/home/macarrones/.cache/typescript/4.3/node_modules/@types/react-resizable/index.d.ts'
[00:52:28.990] Adding entry into typings cache: 'react-router' => '/home/macarrones/.cache/typescript/4.3/node_modules/@types/react-router/index.d.ts'
[00:52:28.991] Adding entry into typings cache: 'react-router-dom' => '/home/macarrones/.cache/typescript/4.3/node_modules/@types/react-router-dom/index.d.ts'
[00:52:28.992] Adding entry into typings cache: 'react-table' => '/home/macarrones/.cache/typescript/4.3/node_modules/@types/react-table/index.d.ts'
[00:52:28.993] Adding entry into typings cache: 'redux-actions' => '/home/macarrones/.cache/typescript/4.3/node_modules/@types/redux-actions/index.d.ts'
[00:52:28.994] Adding entry into typings cache: 'serve-static' => '/home/macarrones/.cache/typescript/4.3/node_modules/@types/serve-static/index.d.ts'
[00:52:28.995] Adding entry into typings cache: 'shallowequal' => '/home/macarrones/.cache/typescript/4.3/node_modules/@types/shallowequal/index.d.ts'
[00:52:28.997] Adding entry into typings cache: 'sprintf' => '/home/macarrones/.cache/typescript/4.3/node_modules/@types/sprintf/index.d.ts'
[00:52:28.998] Adding entry into typings cache: 'styled-components' => '/home/macarrones/.cache/typescript/4.3/node_modules/@types/styled-components/index.d.ts'
[00:52:28.999] Adding entry into typings cache: 'testing-library__jest-dom' => '/home/macarrones/.cache/typescript/4.3/node_modules/@types/testing-library__jest-dom/index.d.ts'
[00:52:28.999] Adding entry into typings cache: 'tryer' => '/home/macarrones/.cache/typescript/4.3/node_modules/@types/tryer/index.d.ts'
[00:52:29.000] Adding entry into typings cache: 'type-is' => '/home/macarrones/.cache/typescript/4.3/node_modules/@types/type-is/index.d.ts'
[00:52:29.001] Adding entry into typings cache: 'underscore' => '/home/macarrones/.cache/typescript/4.3/node_modules/@types/underscore/index.d.ts'
[00:52:29.002] Adding entry into typings cache: 'validator' => '/home/macarrones/.cache/typescript/4.3/node_modules/@types/validator/index.d.ts'
[00:52:29.003] Adding entry into typings cache: 'xtend' => '/home/macarrones/.cache/typescript/4.3/node_modules/@types/xtend/index.d.ts'
[00:52:29.004] Adding entry into typings cache: 'yup' => '/home/macarrones/.cache/typescript/4.3/node_modules/@types/yup/index.d.ts'
[00:52:29.004] Finished processing cache location '/home/macarrones/.cache/typescript/4.3'
[00:52:29.004] Process id: 44155
[00:52:29.004] NPM location: /usr/local/bin/npm (explicit '--npmLocation' not  provided)
[00:52:29.004] validateDefaultNpmLocation: false
[00:52:29.004] Npm config file: /home/macarrones/.cache/typescript/4.3/package.json
[00:52:29.004] Updating types-registry npm package...
[00:52:29.004] Exec: /usr/local/bin/npm install --ignore-scripts types-registry@latest
[00:52:30.070]     Succeeded. stdout:
    
    up to date, audited 92 packages in 985ms

3 packages are looking for funding
  run `npm fund` for details

found 0 vulnerabilities

[00:52:30.070] Updated types-registry npm package
[00:52:30.084] Got install request {"projectName":"/dev/null/inferredProject1*","fileNames":["/usr/local/lib/node_modules/typescript/lib/lib.es5.d.ts","/usr/local/lib/node_modules/typescript/lib/lib.es2015.d.ts","/usr/local/lib/node_modules/typescript/lib/lib.es2016.d.ts","/usr/local/lib/node_modules/typescript/lib/lib.dom.d.ts","/usr/local/lib/node_modules/typescript/lib/lib.dom.iterable.d.ts","/usr/local/lib/node_modules/typescript/lib/lib.webworker.importscripts.d.ts","/usr/local/lib/node_modules/typescript/lib/lib.scripthost.d.ts","/usr/local/lib/node_modules/typescript/lib/lib.es2015.core.d.ts","/usr/local/lib/node_modules/typescript/lib/lib.es2015.collection.d.ts","/usr/local/lib/node_modules/typescript/lib/lib.es2015.generator.d.ts","/usr/local/lib/node_modules/typescript/lib/lib.es2015.iterable.d.ts","/usr/local/lib/node_modules/typescript/lib/lib.es2015.promise.d.ts","/usr/local/lib/node_modules/typescript/lib/lib.es2015.proxy.d.ts","/usr/local/lib/node_modules/typescript/lib/lib.es2015.reflect.d.ts","/usr/local/lib/node_modules/typescript/lib/lib.es2015.symbol.d.ts","/usr/local/lib/node_modules/typescript/lib/lib.es2015.symbol.wellknown.d.ts","/usr/local/lib/node_modules/typescript/lib/lib.es2016.array.include.d.ts","/usr/local/lib/node_modules/typescript/lib/lib.es2016.full.d.ts","/home/macarrones/Projects/Melquisedec-API/controllers/product/utils.js","/home/macarrones/Projects/Melquisedec-API/controllers/product/filters.js","/home/macarrones/Projects/Melquisedec-API/utils/fetchPaginated.js","/home/macarrones/Projects/Melquisedec-API/controllers/product/index.js"],"compilerOptions":{"module":1,"target":3,"jsx":1,"allowJs":true,"allowSyntheticDefaultImports":true,"allowNonTsExtensions":true,"noEmitForJsFiles":true,"maxNodeModuleJsDepth":2},"typeAcquisition":{"enable":true,"include":[],"exclude":[]},"unresolvedImports":[],"projectRootPath":"/home/macarrones/Projects/Melquisedec-API/controllers/product","kind":"discover"}
[00:52:30.094] Loaded safelist from types map file '/usr/local/lib/node_modules/typescript/lib/typesMap.json'
[00:52:30.095] Explicitly included types: []
[00:52:30.095] Inferred typings from unresolved imports: []
[00:52:30.095] Result: {"cachedTypingPaths":[],"newTypingNames":[],"filesToWatch":["/home/macarrones/Projects/Melquisedec-API/controllers/product/bower_components","/home/macarrones/Projects/Melquisedec-API/controllers/product/node_modules","/home/macarrones/Projects/Melquisedec-API/utils/bower_components","/home/macarrones/Projects/Melquisedec-API/utils/node_modules"]}
[00:52:30.095] Finished typings discovery: {"cachedTypingPaths":[],"newTypingNames":[],"filesToWatch":["/home/macarrones/Projects/Melquisedec-API/controllers/product/bower_components","/home/macarrones/Projects/Melquisedec-API/controllers/product/node_modules","/home/macarrones/Projects/Melquisedec-API/utils/bower_components","/home/macarrones/Projects/Melquisedec-API/utils/node_modules"]}
[00:52:30.096] DirectoryWatcher:: Added:: WatchInfo: /home/macarrones/Projects/Melquisedec-API/controllers/product/bower_components
[00:52:30.096] DirectoryWatcher:: Added:: WatchInfo: /home/macarrones/Projects/Melquisedec-API/controllers/product/bower_components 1 undefined Project: /dev/null/inferredProject1* watcher already invoked: false
[00:52:30.097] Elapsed:: 1.1167529989033937ms DirectoryWatcher:: Added:: WatchInfo: /home/macarrones/Projects/Melquisedec-API/controllers/product/bower_components 1 undefined Project: /dev/null/inferredProject1* watcher already invoked: false
[00:52:30.097] DirectoryWatcher:: Added:: WatchInfo: /home/macarrones/Projects/Melquisedec-API/controllers/product/node_modules
[00:52:30.097] DirectoryWatcher:: Added:: WatchInfo: /home/macarrones/Projects/Melquisedec-API/controllers/product/node_modules 1 undefined Project: /dev/null/inferredProject1* watcher already invoked: false
[00:52:30.097] Elapsed:: 0.08390600048005581ms DirectoryWatcher:: Added:: WatchInfo: /home/macarrones/Projects/Melquisedec-API/controllers/product/node_modules 1 undefined Project: /dev/null/inferredProject1* watcher already invoked: false
[00:52:30.097] DirectoryWatcher:: Added:: WatchInfo: /home/macarrones/Projects/Melquisedec-API/utils/bower_components
[00:52:30.097] DirectoryWatcher:: Added:: WatchInfo: /home/macarrones/Projects/Melquisedec-API/utils/bower_components 1 undefined Project: /dev/null/inferredProject1* watcher already invoked: false
[00:52:30.098] Elapsed:: 0.06730199977755547ms DirectoryWatcher:: Added:: WatchInfo: /home/macarrones/Projects/Melquisedec-API/utils/bower_components 1 undefined Project: /dev/null/inferredProject1* watcher already invoked: false
[00:52:30.098] DirectoryWatcher:: Added:: WatchInfo: /home/macarrones/Projects/Melquisedec-API/utils/node_modules
[00:52:30.098] DirectoryWatcher:: Added:: WatchInfo: /home/macarrones/Projects/Melquisedec-API/utils/node_modules 1 undefined Project: /dev/null/inferredProject1* watcher already invoked: false
[00:52:30.098] Elapsed:: 0.06211400032043457ms DirectoryWatcher:: Added:: WatchInfo: /home/macarrones/Projects/Melquisedec-API/utils/node_modules 1 undefined Project: /dev/null/inferredProject1* watcher already invoked: false
[00:52:30.098] Sending response:
    {"projectName":"/dev/null/inferredProject1*","typeAcquisition":{"enable":true,"include":[],"exclude":[]},"compilerOptions":{"module":1,"target":3,"jsx":1,"allowJs":true,"allowSyntheticDefaultImports":true,"allowNonTsExtensions":true,"noEmitForJsFiles":true,"maxNodeModuleJsDepth":2},"typings":[],"unresolvedImports":[],"kind":"action::set"}
[00:52:30.098] Response has been sent.
[00:52:30.098] No new typings were requested as a result of typings discovery
