[21:30:43.557] Global cache location '/home/macarrones/.cache/typescript/4.3', safe file path '/usr/local/lib/node_modules/typescript/lib/typingSafeList.json', types map path /usr/local/lib/node_modules/typescript/lib/typesMap.json
[21:30:43.558] Processing cache location '/home/macarrones/.cache/typescript/4.3'
[21:30:43.558] Trying to find '/home/macarrones/.cache/typescript/4.3/package.json'...
[21:30:43.559] Loaded content of '/home/macarrones/.cache/typescript/4.3/package.json': {"private":true,"dependencies":{"types-registry":"^0.1.545"},"devDependencies":{"@types/async":"^3.2.6","@types/atob":"^2.1.2","@types/bcrypt":"^5.0.0","@types/body-parser":"^1.19.0","@types/busboy":"^0.2.3","@types/concat-stream":"^1.6.0","@types/downloadjs":"^1.4.2","@types/express":"^4.17.12","@types/history":"^4.7.8","@types/inherits":"0.0.30","@types/invariant":"^2.2.34","@types/lodash.debounce":"^4.0.6","@types/luxon":"^1.27.0","@types/lz-string":"^1.3.34","@types/merge-descriptors":"^1.0.1","@types/mkdirp":"^1.0.1","@types/multer":"^1.4.5","@types/node":"^15.12.2","@types/nodemon":"^1.19.0","@types/object-assign":"^4.0.30","@types/on-finished":"^2.3.1","@types/react":"^17.0.11","@types/react-dom":"^17.0.7","@types/react-highlight-words":"^0.16.2","@types/react-is":"^17.0.1","@types/react-lifecycles-compat":"^3.0.1","@types/react-loadable":"^5.5.5","@types/react-paginate":"^7.1.0","@types/react-redux":"^7.1.16","@types/react-resizable":"^1.7.2","@types/react-router":"^5.1.15","@types/react-router-dom":"^5.1.7","@types/react-table":"^7.7.1","@types/redux-actions":"^2.6.1","@types/serve-static":"^1.13.9","@types/shallowequal":"^1.1.1","@types/sprintf":"^0.1.0","@types/styled-components":"^5.1.10","@types/testing-library__jest-dom":"^5.14.0","@types/tryer":"^1.0.1","@types/type-is":"^1.6.3","@types/underscore":"^1.11.2","@types/validator":"^13.1.4","@types/xtend":"^4.0.3","@types/yup":"^0.29.11"}}
[21:30:43.559] Loaded content of '/home/macarrones/.cache/typescript/4.3/package-lock.json'
[21:30:43.566] Adding entry into typings cache: 'async' => '/home/macarrones/.cache/typescript/4.3/node_modules/@types/async/index.d.ts'
[21:30:43.568] Adding entry into typings cache: 'atob' => '/home/macarrones/.cache/typescript/4.3/node_modules/@types/atob/index.d.ts'
[21:30:43.570] Adding entry into typings cache: 'bcrypt' => '/home/macarrones/.cache/typescript/4.3/node_modules/@types/bcrypt/index.d.ts'
[21:30:43.572] Adding entry into typings cache: 'body-parser' => '/home/macarrones/.cache/typescript/4.3/node_modules/@types/body-parser/index.d.ts'
[21:30:43.574] Adding entry into typings cache: 'busboy' => '/home/macarrones/.cache/typescript/4.3/node_modules/@types/busboy/index.d.ts'
[21:30:43.575] Adding entry into typings cache: 'concat-stream' => '/home/macarrones/.cache/typescript/4.3/node_modules/@types/concat-stream/index.d.ts'
[21:30:43.577] Adding entry into typings cache: 'downloadjs' => '/home/macarrones/.cache/typescript/4.3/node_modules/@types/downloadjs/index.d.ts'
[21:30:43.579] Adding entry into typings cache: 'express' => '/home/macarrones/.cache/typescript/4.3/node_modules/@types/express/index.d.ts'
[21:30:43.580] Adding entry into typings cache: 'history' => '/home/macarrones/.cache/typescript/4.3/node_modules/@types/history/index.d.ts'
[21:30:43.582] Adding entry into typings cache: 'inherits' => '/home/macarrones/.cache/typescript/4.3/node_modules/@types/inherits/index.d.ts'
[21:30:43.584] Adding entry into typings cache: 'invariant' => '/home/macarrones/.cache/typescript/4.3/node_modules/@types/invariant/index.d.ts'
[21:30:43.586] Adding entry into typings cache: 'lodash.debounce' => '/home/macarrones/.cache/typescript/4.3/node_modules/@types/lodash.debounce/index.d.ts'
[21:30:43.587] Adding entry into typings cache: 'luxon' => '/home/macarrones/.cache/typescript/4.3/node_modules/@types/luxon/index.d.ts'
[21:30:43.588] Adding entry into typings cache: 'lz-string' => '/home/macarrones/.cache/typescript/4.3/node_modules/@types/lz-string/index.d.ts'
[21:30:43.589] Adding entry into typings cache: 'merge-descriptors' => '/home/macarrones/.cache/typescript/4.3/node_modules/@types/merge-descriptors/index.d.ts'
[21:30:43.591] Adding entry into typings cache: 'mkdirp' => '/home/macarrones/.cache/typescript/4.3/node_modules/@types/mkdirp/index.d.ts'
[21:30:43.592] Adding entry into typings cache: 'multer' => '/home/macarrones/.cache/typescript/4.3/node_modules/@types/multer/index.d.ts'
[21:30:43.595] Adding entry into typings cache: 'node' => '/home/macarrones/.cache/typescript/4.3/node_modules/@types/node/index.d.ts'
[21:30:43.596] Adding entry into typings cache: 'nodemon' => '/home/macarrones/.cache/typescript/4.3/node_modules/@types/nodemon/index.d.ts'
[21:30:43.597] Adding entry into typings cache: 'object-assign' => '/home/macarrones/.cache/typescript/4.3/node_modules/@types/object-assign/index.d.ts'
[21:30:43.598] Adding entry into typings cache: 'on-finished' => '/home/macarrones/.cache/typescript/4.3/node_modules/@types/on-finished/index.d.ts'
[21:30:43.600] Adding entry into typings cache: 'react' => '/home/macarrones/.cache/typescript/4.3/node_modules/@types/react/index.d.ts'
[21:30:43.602] Adding entry into typings cache: 'react-dom' => '/home/macarrones/.cache/typescript/4.3/node_modules/@types/react-dom/index.d.ts'
[21:30:43.603] Adding entry into typings cache: 'react-highlight-words' => '/home/macarrones/.cache/typescript/4.3/node_modules/@types/react-highlight-words/index.d.ts'
[21:30:43.605] Adding entry into typings cache: 'react-is' => '/home/macarrones/.cache/typescript/4.3/node_modules/@types/react-is/index.d.ts'
[21:30:43.606] Adding entry into typings cache: 'react-lifecycles-compat' => '/home/macarrones/.cache/typescript/4.3/node_modules/@types/react-lifecycles-compat/index.d.ts'
[21:30:43.608] Adding entry into typings cache: 'react-loadable' => '/home/macarrones/.cache/typescript/4.3/node_modules/@types/react-loadable/index.d.ts'
[21:30:43.609] Adding entry into typings cache: 'react-paginate' => '/home/macarrones/.cache/typescript/4.3/node_modules/@types/react-paginate/index.d.ts'
[21:30:43.612] Adding entry into typings cache: 'react-redux' => '/home/macarrones/.cache/typescript/4.3/node_modules/@types/react-redux/index.d.ts'
[21:30:43.613] Adding entry into typings cache: 'react-resizable' => '/home/macarrones/.cache/typescript/4.3/node_modules/@types/react-resizable/index.d.ts'
[21:30:43.616] Adding entry into typings cache: 'react-router' => '/home/macarrones/.cache/typescript/4.3/node_modules/@types/react-router/index.d.ts'
[21:30:43.617] Adding entry into typings cache: 'react-router-dom' => '/home/macarrones/.cache/typescript/4.3/node_modules/@types/react-router-dom/index.d.ts'
[21:30:43.618] Adding entry into typings cache: 'react-table' => '/home/macarrones/.cache/typescript/4.3/node_modules/@types/react-table/index.d.ts'
[21:30:43.619] Adding entry into typings cache: 'redux-actions' => '/home/macarrones/.cache/typescript/4.3/node_modules/@types/redux-actions/index.d.ts'
[21:30:43.620] Adding entry into typings cache: 'serve-static' => '/home/macarrones/.cache/typescript/4.3/node_modules/@types/serve-static/index.d.ts'
[21:30:43.621] Adding entry into typings cache: 'shallowequal' => '/home/macarrones/.cache/typescript/4.3/node_modules/@types/shallowequal/index.d.ts'
[21:30:43.622] Adding entry into typings cache: 'sprintf' => '/home/macarrones/.cache/typescript/4.3/node_modules/@types/sprintf/index.d.ts'
[21:30:43.624] Adding entry into typings cache: 'styled-components' => '/home/macarrones/.cache/typescript/4.3/node_modules/@types/styled-components/index.d.ts'
[21:30:43.625] Adding entry into typings cache: 'testing-library__jest-dom' => '/home/macarrones/.cache/typescript/4.3/node_modules/@types/testing-library__jest-dom/index.d.ts'
[21:30:43.625] Adding entry into typings cache: 'tryer' => '/home/macarrones/.cache/typescript/4.3/node_modules/@types/tryer/index.d.ts'
[21:30:43.626] Adding entry into typings cache: 'type-is' => '/home/macarrones/.cache/typescript/4.3/node_modules/@types/type-is/index.d.ts'
[21:30:43.627] Adding entry into typings cache: 'underscore' => '/home/macarrones/.cache/typescript/4.3/node_modules/@types/underscore/index.d.ts'
[21:30:43.628] Adding entry into typings cache: 'validator' => '/home/macarrones/.cache/typescript/4.3/node_modules/@types/validator/index.d.ts'
[21:30:43.629] Adding entry into typings cache: 'xtend' => '/home/macarrones/.cache/typescript/4.3/node_modules/@types/xtend/index.d.ts'
[21:30:43.630] Adding entry into typings cache: 'yup' => '/home/macarrones/.cache/typescript/4.3/node_modules/@types/yup/index.d.ts'
[21:30:43.630] Finished processing cache location '/home/macarrones/.cache/typescript/4.3'
[21:30:43.630] Process id: 67731
[21:30:43.630] NPM location: /usr/local/bin/npm (explicit '--npmLocation' not  provided)
[21:30:43.630] validateDefaultNpmLocation: false
[21:30:43.630] Npm config file: /home/macarrones/.cache/typescript/4.3/package.json
[21:30:43.630] Updating types-registry npm package...
[21:30:43.630] Exec: /usr/local/bin/npm install --ignore-scripts types-registry@latest
[21:30:45.320]     Succeeded. stdout:
    + types-registry@0.1.545
    updated 1 package and audited 92 packages in 1.355s

3 packages are looking for funding
  run `npm fund` for details

found 0 vulnerabilities


[21:30:45.320] Updated types-registry npm package
[21:30:45.334] Got install request {"projectName":"/dev/null/inferredProject1*","fileNames":["/usr/local/lib/node_modules/typescript/lib/lib.es5.d.ts","/usr/local/lib/node_modules/typescript/lib/lib.es2015.d.ts","/usr/local/lib/node_modules/typescript/lib/lib.es2016.d.ts","/usr/local/lib/node_modules/typescript/lib/lib.dom.d.ts","/usr/local/lib/node_modules/typescript/lib/lib.dom.iterable.d.ts","/usr/local/lib/node_modules/typescript/lib/lib.webworker.importscripts.d.ts","/usr/local/lib/node_modules/typescript/lib/lib.scripthost.d.ts","/usr/local/lib/node_modules/typescript/lib/lib.es2015.core.d.ts","/usr/local/lib/node_modules/typescript/lib/lib.es2015.collection.d.ts","/usr/local/lib/node_modules/typescript/lib/lib.es2015.generator.d.ts","/usr/local/lib/node_modules/typescript/lib/lib.es2015.iterable.d.ts","/usr/local/lib/node_modules/typescript/lib/lib.es2015.promise.d.ts","/usr/local/lib/node_modules/typescript/lib/lib.es2015.proxy.d.ts","/usr/local/lib/node_modules/typescript/lib/lib.es2015.reflect.d.ts","/usr/local/lib/node_modules/typescript/lib/lib.es2015.symbol.d.ts","/usr/local/lib/node_modules/typescript/lib/lib.es2015.symbol.wellknown.d.ts","/usr/local/lib/node_modules/typescript/lib/lib.es2016.array.include.d.ts","/usr/local/lib/node_modules/typescript/lib/lib.es2016.full.d.ts","/home/macarrones/Melquisedec-API/controllers/product/utils.js","/home/macarrones/Melquisedec-API/controllers/product/filters.js","/home/macarrones/Melquisedec-API/controllers/product/index.js"],"compilerOptions":{"module":1,"target":3,"jsx":1,"allowJs":true,"allowSyntheticDefaultImports":true,"allowNonTsExtensions":true,"noEmitForJsFiles":true,"maxNodeModuleJsDepth":2},"typeAcquisition":{"enable":true,"include":[],"exclude":[]},"unresolvedImports":[],"projectRootPath":"/home/macarrones/Melquisedec-API/controllers/product","kind":"discover"}
[21:30:45.345] Loaded safelist from types map file '/usr/local/lib/node_modules/typescript/lib/typesMap.json'
[21:30:45.346] Explicitly included types: []
[21:30:45.346] Inferred typings from unresolved imports: []
[21:30:45.346] Result: {"cachedTypingPaths":[],"newTypingNames":[],"filesToWatch":["/home/macarrones/Melquisedec-API/controllers/product/bower_components","/home/macarrones/Melquisedec-API/controllers/product/node_modules"]}
[21:30:45.346] Finished typings discovery: {"cachedTypingPaths":[],"newTypingNames":[],"filesToWatch":["/home/macarrones/Melquisedec-API/controllers/product/bower_components","/home/macarrones/Melquisedec-API/controllers/product/node_modules"]}
[21:30:45.346] DirectoryWatcher:: Added:: WatchInfo: /home/macarrones/Melquisedec-API/controllers/product/bower_components
[21:30:45.347] DirectoryWatcher:: Added:: WatchInfo: /home/macarrones/Melquisedec-API/controllers/product/bower_components 1 undefined Project: /dev/null/inferredProject1* watcher already invoked: false
[21:30:45.348] Elapsed:: 1.0917579978704453ms DirectoryWatcher:: Added:: WatchInfo: /home/macarrones/Melquisedec-API/controllers/product/bower_components 1 undefined Project: /dev/null/inferredProject1* watcher already invoked: false
[21:30:45.348] DirectoryWatcher:: Added:: WatchInfo: /home/macarrones/Melquisedec-API/controllers/product/node_modules
[21:30:45.348] DirectoryWatcher:: Added:: WatchInfo: /home/macarrones/Melquisedec-API/controllers/product/node_modules 1 undefined Project: /dev/null/inferredProject1* watcher already invoked: false
[21:30:45.348] Elapsed:: 0.08312800526618958ms DirectoryWatcher:: Added:: WatchInfo: /home/macarrones/Melquisedec-API/controllers/product/node_modules 1 undefined Project: /dev/null/inferredProject1* watcher already invoked: false
[21:30:45.348] Sending response:
    {"projectName":"/dev/null/inferredProject1*","typeAcquisition":{"enable":true,"include":[],"exclude":[]},"compilerOptions":{"module":1,"target":3,"jsx":1,"allowJs":true,"allowSyntheticDefaultImports":true,"allowNonTsExtensions":true,"noEmitForJsFiles":true,"maxNodeModuleJsDepth":2},"typings":[],"unresolvedImports":[],"kind":"action::set"}
[21:30:45.348] Response has been sent.
[21:30:45.348] No new typings were requested as a result of typings discovery
