[21:10:39.918] Global cache location '/home/macarrones/.cache/typescript/4.3', safe file path '/usr/local/lib/node_modules/typescript/lib/typingSafeList.json', types map path /usr/local/lib/node_modules/typescript/lib/typesMap.json
[21:10:39.919] Processing cache location '/home/macarrones/.cache/typescript/4.3'
[21:10:39.919] Trying to find '/home/macarrones/.cache/typescript/4.3/package.json'...
[21:10:39.920] Loaded content of '/home/macarrones/.cache/typescript/4.3/package.json': {"private":true,"dependencies":{"types-registry":"^0.1.545"},"devDependencies":{"@types/async":"^3.2.6","@types/atob":"^2.1.2","@types/bcrypt":"^5.0.0","@types/body-parser":"^1.19.0","@types/busboy":"^0.2.3","@types/concat-stream":"^1.6.0","@types/downloadjs":"^1.4.2","@types/express":"^4.17.12","@types/history":"^4.7.8","@types/inherits":"0.0.30","@types/invariant":"^2.2.34","@types/lodash.debounce":"^4.0.6","@types/luxon":"^1.27.0","@types/lz-string":"^1.3.34","@types/merge-descriptors":"^1.0.1","@types/mkdirp":"^1.0.1","@types/multer":"^1.4.5","@types/node":"^15.12.2","@types/nodemon":"^1.19.0","@types/object-assign":"^4.0.30","@types/on-finished":"^2.3.1","@types/react":"^17.0.11","@types/react-dom":"^17.0.7","@types/react-highlight-words":"^0.16.2","@types/react-is":"^17.0.1","@types/react-lifecycles-compat":"^3.0.1","@types/react-loadable":"^5.5.5","@types/react-paginate":"^7.1.0","@types/react-redux":"^7.1.16","@types/react-resizable":"^1.7.2","@types/react-router":"^5.1.15","@types/react-router-dom":"^5.1.7","@types/react-table":"^7.7.1","@types/redux-actions":"^2.6.1","@types/serve-static":"^1.13.9","@types/shallowequal":"^1.1.1","@types/sprintf":"^0.1.0","@types/styled-components":"^5.1.10","@types/testing-library__jest-dom":"^5.14.0","@types/tryer":"^1.0.1","@types/type-is":"^1.6.3","@types/underscore":"^1.11.2","@types/validator":"^13.1.4","@types/xtend":"^4.0.3","@types/yup":"^0.29.11"}}
[21:10:39.920] Loaded content of '/home/macarrones/.cache/typescript/4.3/package-lock.json'
[21:10:39.928] Adding entry into typings cache: 'async' => '/home/macarrones/.cache/typescript/4.3/node_modules/@types/async/index.d.ts'
[21:10:39.930] Adding entry into typings cache: 'atob' => '/home/macarrones/.cache/typescript/4.3/node_modules/@types/atob/index.d.ts'
[21:10:39.931] Adding entry into typings cache: 'bcrypt' => '/home/macarrones/.cache/typescript/4.3/node_modules/@types/bcrypt/index.d.ts'
[21:10:39.934] Adding entry into typings cache: 'body-parser' => '/home/macarrones/.cache/typescript/4.3/node_modules/@types/body-parser/index.d.ts'
[21:10:39.935] Adding entry into typings cache: 'busboy' => '/home/macarrones/.cache/typescript/4.3/node_modules/@types/busboy/index.d.ts'
[21:10:39.937] Adding entry into typings cache: 'concat-stream' => '/home/macarrones/.cache/typescript/4.3/node_modules/@types/concat-stream/index.d.ts'
[21:10:39.938] Adding entry into typings cache: 'downloadjs' => '/home/macarrones/.cache/typescript/4.3/node_modules/@types/downloadjs/index.d.ts'
[21:10:39.940] Adding entry into typings cache: 'express' => '/home/macarrones/.cache/typescript/4.3/node_modules/@types/express/index.d.ts'
[21:10:39.942] Adding entry into typings cache: 'history' => '/home/macarrones/.cache/typescript/4.3/node_modules/@types/history/index.d.ts'
[21:10:39.944] Adding entry into typings cache: 'inherits' => '/home/macarrones/.cache/typescript/4.3/node_modules/@types/inherits/index.d.ts'
[21:10:39.945] Adding entry into typings cache: 'invariant' => '/home/macarrones/.cache/typescript/4.3/node_modules/@types/invariant/index.d.ts'
[21:10:39.947] Adding entry into typings cache: 'lodash.debounce' => '/home/macarrones/.cache/typescript/4.3/node_modules/@types/lodash.debounce/index.d.ts'
[21:10:39.949] Adding entry into typings cache: 'luxon' => '/home/macarrones/.cache/typescript/4.3/node_modules/@types/luxon/index.d.ts'
[21:10:39.950] Adding entry into typings cache: 'lz-string' => '/home/macarrones/.cache/typescript/4.3/node_modules/@types/lz-string/index.d.ts'
[21:10:39.951] Adding entry into typings cache: 'merge-descriptors' => '/home/macarrones/.cache/typescript/4.3/node_modules/@types/merge-descriptors/index.d.ts'
[21:10:39.953] Adding entry into typings cache: 'mkdirp' => '/home/macarrones/.cache/typescript/4.3/node_modules/@types/mkdirp/index.d.ts'
[21:10:39.954] Adding entry into typings cache: 'multer' => '/home/macarrones/.cache/typescript/4.3/node_modules/@types/multer/index.d.ts'
[21:10:39.957] Adding entry into typings cache: 'node' => '/home/macarrones/.cache/typescript/4.3/node_modules/@types/node/index.d.ts'
[21:10:39.958] Adding entry into typings cache: 'nodemon' => '/home/macarrones/.cache/typescript/4.3/node_modules/@types/nodemon/index.d.ts'
[21:10:39.959] Adding entry into typings cache: 'object-assign' => '/home/macarrones/.cache/typescript/4.3/node_modules/@types/object-assign/index.d.ts'
[21:10:39.960] Adding entry into typings cache: 'on-finished' => '/home/macarrones/.cache/typescript/4.3/node_modules/@types/on-finished/index.d.ts'
[21:10:39.963] Adding entry into typings cache: 'react' => '/home/macarrones/.cache/typescript/4.3/node_modules/@types/react/index.d.ts'
[21:10:39.964] Adding entry into typings cache: 'react-dom' => '/home/macarrones/.cache/typescript/4.3/node_modules/@types/react-dom/index.d.ts'
[21:10:39.965] Adding entry into typings cache: 'react-highlight-words' => '/home/macarrones/.cache/typescript/4.3/node_modules/@types/react-highlight-words/index.d.ts'
[21:10:39.967] Adding entry into typings cache: 'react-is' => '/home/macarrones/.cache/typescript/4.3/node_modules/@types/react-is/index.d.ts'
[21:10:39.968] Adding entry into typings cache: 'react-lifecycles-compat' => '/home/macarrones/.cache/typescript/4.3/node_modules/@types/react-lifecycles-compat/index.d.ts'
[21:10:39.970] Adding entry into typings cache: 'react-loadable' => '/home/macarrones/.cache/typescript/4.3/node_modules/@types/react-loadable/index.d.ts'
[21:10:39.971] Adding entry into typings cache: 'react-paginate' => '/home/macarrones/.cache/typescript/4.3/node_modules/@types/react-paginate/index.d.ts'
[21:10:39.974] Adding entry into typings cache: 'react-redux' => '/home/macarrones/.cache/typescript/4.3/node_modules/@types/react-redux/index.d.ts'
[21:10:39.975] Adding entry into typings cache: 'react-resizable' => '/home/macarrones/.cache/typescript/4.3/node_modules/@types/react-resizable/index.d.ts'
[21:10:39.978] Adding entry into typings cache: 'react-router' => '/home/macarrones/.cache/typescript/4.3/node_modules/@types/react-router/index.d.ts'
[21:10:39.980] Adding entry into typings cache: 'react-router-dom' => '/home/macarrones/.cache/typescript/4.3/node_modules/@types/react-router-dom/index.d.ts'
[21:10:39.980] Adding entry into typings cache: 'react-table' => '/home/macarrones/.cache/typescript/4.3/node_modules/@types/react-table/index.d.ts'
[21:10:39.981] Adding entry into typings cache: 'redux-actions' => '/home/macarrones/.cache/typescript/4.3/node_modules/@types/redux-actions/index.d.ts'
[21:10:39.983] Adding entry into typings cache: 'serve-static' => '/home/macarrones/.cache/typescript/4.3/node_modules/@types/serve-static/index.d.ts'
[21:10:39.984] Adding entry into typings cache: 'shallowequal' => '/home/macarrones/.cache/typescript/4.3/node_modules/@types/shallowequal/index.d.ts'
[21:10:39.985] Adding entry into typings cache: 'sprintf' => '/home/macarrones/.cache/typescript/4.3/node_modules/@types/sprintf/index.d.ts'
[21:10:39.987] Adding entry into typings cache: 'styled-components' => '/home/macarrones/.cache/typescript/4.3/node_modules/@types/styled-components/index.d.ts'
[21:10:39.987] Adding entry into typings cache: 'testing-library__jest-dom' => '/home/macarrones/.cache/typescript/4.3/node_modules/@types/testing-library__jest-dom/index.d.ts'
[21:10:39.988] Adding entry into typings cache: 'tryer' => '/home/macarrones/.cache/typescript/4.3/node_modules/@types/tryer/index.d.ts'
[21:10:39.989] Adding entry into typings cache: 'type-is' => '/home/macarrones/.cache/typescript/4.3/node_modules/@types/type-is/index.d.ts'
[21:10:39.990] Adding entry into typings cache: 'underscore' => '/home/macarrones/.cache/typescript/4.3/node_modules/@types/underscore/index.d.ts'
[21:10:39.991] Adding entry into typings cache: 'validator' => '/home/macarrones/.cache/typescript/4.3/node_modules/@types/validator/index.d.ts'
[21:10:39.991] Adding entry into typings cache: 'xtend' => '/home/macarrones/.cache/typescript/4.3/node_modules/@types/xtend/index.d.ts'
[21:10:39.992] Adding entry into typings cache: 'yup' => '/home/macarrones/.cache/typescript/4.3/node_modules/@types/yup/index.d.ts'
[21:10:39.992] Finished processing cache location '/home/macarrones/.cache/typescript/4.3'
[21:10:39.993] Process id: 61294
[21:10:39.993] NPM location: /usr/local/bin/npm (explicit '--npmLocation' not  provided)
[21:10:39.993] validateDefaultNpmLocation: false
[21:10:39.993] Npm config file: /home/macarrones/.cache/typescript/4.3/package.json
[21:10:39.993] Updating types-registry npm package...
[21:10:39.993] Exec: /usr/local/bin/npm install --ignore-scripts types-registry@latest
[21:10:41.712]     Succeeded. stdout:
    + types-registry@0.1.545
    updated 1 package and audited 92 packages in 1.373s

3 packages are looking for funding
  run `npm fund` for details

found 0 vulnerabilities


[21:10:41.712] Updated types-registry npm package
[21:10:41.732] Got install request {"projectName":"/dev/null/inferredProject1*","fileNames":["/usr/local/lib/node_modules/typescript/lib/lib.es5.d.ts","/usr/local/lib/node_modules/typescript/lib/lib.es2015.d.ts","/usr/local/lib/node_modules/typescript/lib/lib.es2016.d.ts","/usr/local/lib/node_modules/typescript/lib/lib.dom.d.ts","/usr/local/lib/node_modules/typescript/lib/lib.dom.iterable.d.ts","/usr/local/lib/node_modules/typescript/lib/lib.webworker.importscripts.d.ts","/usr/local/lib/node_modules/typescript/lib/lib.scripthost.d.ts","/usr/local/lib/node_modules/typescript/lib/lib.es2015.core.d.ts","/usr/local/lib/node_modules/typescript/lib/lib.es2015.collection.d.ts","/usr/local/lib/node_modules/typescript/lib/lib.es2015.generator.d.ts","/usr/local/lib/node_modules/typescript/lib/lib.es2015.iterable.d.ts","/usr/local/lib/node_modules/typescript/lib/lib.es2015.promise.d.ts","/usr/local/lib/node_modules/typescript/lib/lib.es2015.proxy.d.ts","/usr/local/lib/node_modules/typescript/lib/lib.es2015.reflect.d.ts","/usr/local/lib/node_modules/typescript/lib/lib.es2015.symbol.d.ts","/usr/local/lib/node_modules/typescript/lib/lib.es2015.symbol.wellknown.d.ts","/usr/local/lib/node_modules/typescript/lib/lib.es2016.array.include.d.ts","/usr/local/lib/node_modules/typescript/lib/lib.es2016.full.d.ts","/home/macarrones/Melquisedec-API/controllers/product/utils.js","/home/macarrones/Melquisedec-API/controllers/product/filters.js","/home/macarrones/Melquisedec-API/controllers/product/index.js"],"compilerOptions":{"module":1,"target":3,"jsx":1,"allowJs":true,"allowSyntheticDefaultImports":true,"allowNonTsExtensions":true,"noEmitForJsFiles":true,"maxNodeModuleJsDepth":2},"typeAcquisition":{"enable":true,"include":[],"exclude":[]},"unresolvedImports":[],"projectRootPath":"/home/macarrones/Melquisedec-API/controllers/product","kind":"discover"}
[21:10:41.743] Loaded safelist from types map file '/usr/local/lib/node_modules/typescript/lib/typesMap.json'
[21:10:41.743] Explicitly included types: []
[21:10:41.743] Inferred typings from unresolved imports: []
[21:10:41.743] Result: {"cachedTypingPaths":[],"newTypingNames":[],"filesToWatch":["/home/macarrones/Melquisedec-API/controllers/product/bower_components","/home/macarrones/Melquisedec-API/controllers/product/node_modules"]}
[21:10:41.743] Finished typings discovery: {"cachedTypingPaths":[],"newTypingNames":[],"filesToWatch":["/home/macarrones/Melquisedec-API/controllers/product/bower_components","/home/macarrones/Melquisedec-API/controllers/product/node_modules"]}
[21:10:41.744] DirectoryWatcher:: Added:: WatchInfo: /home/macarrones/Melquisedec-API/controllers/product/bower_components
[21:10:41.744] DirectoryWatcher:: Added:: WatchInfo: /home/macarrones/Melquisedec-API/controllers/product/bower_components 1 undefined Project: /dev/null/inferredProject1* watcher already invoked: false
[21:10:41.745] Elapsed:: 1.1707970052957535ms DirectoryWatcher:: Added:: WatchInfo: /home/macarrones/Melquisedec-API/controllers/product/bower_components 1 undefined Project: /dev/null/inferredProject1* watcher already invoked: false
[21:10:41.745] DirectoryWatcher:: Added:: WatchInfo: /home/macarrones/Melquisedec-API/controllers/product/node_modules
[21:10:41.745] DirectoryWatcher:: Added:: WatchInfo: /home/macarrones/Melquisedec-API/controllers/product/node_modules 1 undefined Project: /dev/null/inferredProject1* watcher already invoked: false
[21:10:41.745] Elapsed:: 0.08293800055980682ms DirectoryWatcher:: Added:: WatchInfo: /home/macarrones/Melquisedec-API/controllers/product/node_modules 1 undefined Project: /dev/null/inferredProject1* watcher already invoked: false
[21:10:41.746] Sending response:
    {"projectName":"/dev/null/inferredProject1*","typeAcquisition":{"enable":true,"include":[],"exclude":[]},"compilerOptions":{"module":1,"target":3,"jsx":1,"allowJs":true,"allowSyntheticDefaultImports":true,"allowNonTsExtensions":true,"noEmitForJsFiles":true,"maxNodeModuleJsDepth":2},"typings":[],"unresolvedImports":[],"kind":"action::set"}
[21:10:41.746] Response has been sent.
[21:10:41.746] No new typings were requested as a result of typings discovery
