[21:37:39.190] Global cache location '/home/macarrones/.cache/typescript/4.3', safe file path '/usr/local/lib/node_modules/typescript/lib/typingSafeList.json', types map path /usr/local/lib/node_modules/typescript/lib/typesMap.json
[21:37:39.191] Processing cache location '/home/macarrones/.cache/typescript/4.3'
[21:37:39.191] Trying to find '/home/macarrones/.cache/typescript/4.3/package.json'...
[21:37:39.191] Loaded content of '/home/macarrones/.cache/typescript/4.3/package.json': {"private":true,"dependencies":{"types-registry":"^0.1.545"},"devDependencies":{"@types/async":"^3.2.6","@types/atob":"^2.1.2","@types/bcrypt":"^5.0.0","@types/body-parser":"^1.19.0","@types/busboy":"^0.2.3","@types/concat-stream":"^1.6.0","@types/downloadjs":"^1.4.2","@types/express":"^4.17.12","@types/history":"^4.7.8","@types/inherits":"0.0.30","@types/invariant":"^2.2.34","@types/lodash.debounce":"^4.0.6","@types/luxon":"^1.27.0","@types/lz-string":"^1.3.34","@types/merge-descriptors":"^1.0.1","@types/mkdirp":"^1.0.1","@types/multer":"^1.4.5","@types/node":"^15.12.2","@types/nodemon":"^1.19.0","@types/object-assign":"^4.0.30","@types/on-finished":"^2.3.1","@types/react":"^17.0.11","@types/react-dom":"^17.0.7","@types/react-highlight-words":"^0.16.2","@types/react-is":"^17.0.1","@types/react-lifecycles-compat":"^3.0.1","@types/react-loadable":"^5.5.5","@types/react-paginate":"^7.1.0","@types/react-redux":"^7.1.16","@types/react-resizable":"^1.7.2","@types/react-router":"^5.1.15","@types/react-router-dom":"^5.1.7","@types/react-table":"^7.7.1","@types/redux-actions":"^2.6.1","@types/serve-static":"^1.13.9","@types/shallowequal":"^1.1.1","@types/sprintf":"^0.1.0","@types/styled-components":"^5.1.10","@types/testing-library__jest-dom":"^5.14.0","@types/tryer":"^1.0.1","@types/type-is":"^1.6.3","@types/underscore":"^1.11.2","@types/validator":"^13.1.4","@types/xtend":"^4.0.3","@types/yup":"^0.29.11"}}
[21:37:39.191] Loaded content of '/home/macarrones/.cache/typescript/4.3/package-lock.json'
[21:37:39.199] Adding entry into typings cache: 'async' => '/home/macarrones/.cache/typescript/4.3/node_modules/@types/async/index.d.ts'
[21:37:39.201] Adding entry into typings cache: 'atob' => '/home/macarrones/.cache/typescript/4.3/node_modules/@types/atob/index.d.ts'
[21:37:39.203] Adding entry into typings cache: 'bcrypt' => '/home/macarrones/.cache/typescript/4.3/node_modules/@types/bcrypt/index.d.ts'
[21:37:39.205] Adding entry into typings cache: 'body-parser' => '/home/macarrones/.cache/typescript/4.3/node_modules/@types/body-parser/index.d.ts'
[21:37:39.206] Adding entry into typings cache: 'busboy' => '/home/macarrones/.cache/typescript/4.3/node_modules/@types/busboy/index.d.ts'
[21:37:39.208] Adding entry into typings cache: 'concat-stream' => '/home/macarrones/.cache/typescript/4.3/node_modules/@types/concat-stream/index.d.ts'
[21:37:39.209] Adding entry into typings cache: 'downloadjs' => '/home/macarrones/.cache/typescript/4.3/node_modules/@types/downloadjs/index.d.ts'
[21:37:39.212] Adding entry into typings cache: 'express' => '/home/macarrones/.cache/typescript/4.3/node_modules/@types/express/index.d.ts'
[21:37:39.213] Adding entry into typings cache: 'history' => '/home/macarrones/.cache/typescript/4.3/node_modules/@types/history/index.d.ts'
[21:37:39.215] Adding entry into typings cache: 'inherits' => '/home/macarrones/.cache/typescript/4.3/node_modules/@types/inherits/index.d.ts'
[21:37:39.217] Adding entry into typings cache: 'invariant' => '/home/macarrones/.cache/typescript/4.3/node_modules/@types/invariant/index.d.ts'
[21:37:39.218] Adding entry into typings cache: 'lodash.debounce' => '/home/macarrones/.cache/typescript/4.3/node_modules/@types/lodash.debounce/index.d.ts'
[21:37:39.220] Adding entry into typings cache: 'luxon' => '/home/macarrones/.cache/typescript/4.3/node_modules/@types/luxon/index.d.ts'
[21:37:39.221] Adding entry into typings cache: 'lz-string' => '/home/macarrones/.cache/typescript/4.3/node_modules/@types/lz-string/index.d.ts'
[21:37:39.222] Adding entry into typings cache: 'merge-descriptors' => '/home/macarrones/.cache/typescript/4.3/node_modules/@types/merge-descriptors/index.d.ts'
[21:37:39.223] Adding entry into typings cache: 'mkdirp' => '/home/macarrones/.cache/typescript/4.3/node_modules/@types/mkdirp/index.d.ts'
[21:37:39.225] Adding entry into typings cache: 'multer' => '/home/macarrones/.cache/typescript/4.3/node_modules/@types/multer/index.d.ts'
[21:37:39.228] Adding entry into typings cache: 'node' => '/home/macarrones/.cache/typescript/4.3/node_modules/@types/node/index.d.ts'
[21:37:39.229] Adding entry into typings cache: 'nodemon' => '/home/macarrones/.cache/typescript/4.3/node_modules/@types/nodemon/index.d.ts'
[21:37:39.230] Adding entry into typings cache: 'object-assign' => '/home/macarrones/.cache/typescript/4.3/node_modules/@types/object-assign/index.d.ts'
[21:37:39.231] Adding entry into typings cache: 'on-finished' => '/home/macarrones/.cache/typescript/4.3/node_modules/@types/on-finished/index.d.ts'
[21:37:39.233] Adding entry into typings cache: 'react' => '/home/macarrones/.cache/typescript/4.3/node_modules/@types/react/index.d.ts'
[21:37:39.234] Adding entry into typings cache: 'react-dom' => '/home/macarrones/.cache/typescript/4.3/node_modules/@types/react-dom/index.d.ts'
[21:37:39.235] Adding entry into typings cache: 'react-highlight-words' => '/home/macarrones/.cache/typescript/4.3/node_modules/@types/react-highlight-words/index.d.ts'
[21:37:39.238] Adding entry into typings cache: 'react-is' => '/home/macarrones/.cache/typescript/4.3/node_modules/@types/react-is/index.d.ts'
[21:37:39.239] Adding entry into typings cache: 'react-lifecycles-compat' => '/home/macarrones/.cache/typescript/4.3/node_modules/@types/react-lifecycles-compat/index.d.ts'
[21:37:39.240] Adding entry into typings cache: 'react-loadable' => '/home/macarrones/.cache/typescript/4.3/node_modules/@types/react-loadable/index.d.ts'
[21:37:39.241] Adding entry into typings cache: 'react-paginate' => '/home/macarrones/.cache/typescript/4.3/node_modules/@types/react-paginate/index.d.ts'
[21:37:39.245] Adding entry into typings cache: 'react-redux' => '/home/macarrones/.cache/typescript/4.3/node_modules/@types/react-redux/index.d.ts'
[21:37:39.246] Adding entry into typings cache: 'react-resizable' => '/home/macarrones/.cache/typescript/4.3/node_modules/@types/react-resizable/index.d.ts'
[21:37:39.248] Adding entry into typings cache: 'react-router' => '/home/macarrones/.cache/typescript/4.3/node_modules/@types/react-router/index.d.ts'
[21:37:39.249] Adding entry into typings cache: 'react-router-dom' => '/home/macarrones/.cache/typescript/4.3/node_modules/@types/react-router-dom/index.d.ts'
[21:37:39.250] Adding entry into typings cache: 'react-table' => '/home/macarrones/.cache/typescript/4.3/node_modules/@types/react-table/index.d.ts'
[21:37:39.251] Adding entry into typings cache: 'redux-actions' => '/home/macarrones/.cache/typescript/4.3/node_modules/@types/redux-actions/index.d.ts'
[21:37:39.252] Adding entry into typings cache: 'serve-static' => '/home/macarrones/.cache/typescript/4.3/node_modules/@types/serve-static/index.d.ts'
[21:37:39.254] Adding entry into typings cache: 'shallowequal' => '/home/macarrones/.cache/typescript/4.3/node_modules/@types/shallowequal/index.d.ts'
[21:37:39.255] Adding entry into typings cache: 'sprintf' => '/home/macarrones/.cache/typescript/4.3/node_modules/@types/sprintf/index.d.ts'
[21:37:39.256] Adding entry into typings cache: 'styled-components' => '/home/macarrones/.cache/typescript/4.3/node_modules/@types/styled-components/index.d.ts'
[21:37:39.257] Adding entry into typings cache: 'testing-library__jest-dom' => '/home/macarrones/.cache/typescript/4.3/node_modules/@types/testing-library__jest-dom/index.d.ts'
[21:37:39.258] Adding entry into typings cache: 'tryer' => '/home/macarrones/.cache/typescript/4.3/node_modules/@types/tryer/index.d.ts'
[21:37:39.258] Adding entry into typings cache: 'type-is' => '/home/macarrones/.cache/typescript/4.3/node_modules/@types/type-is/index.d.ts'
[21:37:39.259] Adding entry into typings cache: 'underscore' => '/home/macarrones/.cache/typescript/4.3/node_modules/@types/underscore/index.d.ts'
[21:37:39.260] Adding entry into typings cache: 'validator' => '/home/macarrones/.cache/typescript/4.3/node_modules/@types/validator/index.d.ts'
[21:37:39.261] Adding entry into typings cache: 'xtend' => '/home/macarrones/.cache/typescript/4.3/node_modules/@types/xtend/index.d.ts'
[21:37:39.262] Adding entry into typings cache: 'yup' => '/home/macarrones/.cache/typescript/4.3/node_modules/@types/yup/index.d.ts'
[21:37:39.262] Finished processing cache location '/home/macarrones/.cache/typescript/4.3'
[21:37:39.262] Process id: 68295
[21:37:39.262] NPM location: /usr/local/bin/npm (explicit '--npmLocation' not  provided)
[21:37:39.262] validateDefaultNpmLocation: false
[21:37:39.262] Npm config file: /home/macarrones/.cache/typescript/4.3/package.json
[21:37:39.262] Updating types-registry npm package...
[21:37:39.263] Exec: /usr/local/bin/npm install --ignore-scripts types-registry@latest
[21:37:40.728]     Succeeded. stdout:
    + types-registry@0.1.545
    updated 1 package and audited 92 packages in 1.126s

3 packages are looking for funding
  run `npm fund` for details

found 0 vulnerabilities


[21:37:40.728] Updated types-registry npm package
[21:37:40.742] Got install request {"projectName":"/dev/null/inferredProject1*","fileNames":["/usr/local/lib/node_modules/typescript/lib/lib.es5.d.ts","/usr/local/lib/node_modules/typescript/lib/lib.es2015.d.ts","/usr/local/lib/node_modules/typescript/lib/lib.es2016.d.ts","/usr/local/lib/node_modules/typescript/lib/lib.dom.d.ts","/usr/local/lib/node_modules/typescript/lib/lib.dom.iterable.d.ts","/usr/local/lib/node_modules/typescript/lib/lib.webworker.importscripts.d.ts","/usr/local/lib/node_modules/typescript/lib/lib.scripthost.d.ts","/usr/local/lib/node_modules/typescript/lib/lib.es2015.core.d.ts","/usr/local/lib/node_modules/typescript/lib/lib.es2015.collection.d.ts","/usr/local/lib/node_modules/typescript/lib/lib.es2015.generator.d.ts","/usr/local/lib/node_modules/typescript/lib/lib.es2015.iterable.d.ts","/usr/local/lib/node_modules/typescript/lib/lib.es2015.promise.d.ts","/usr/local/lib/node_modules/typescript/lib/lib.es2015.proxy.d.ts","/usr/local/lib/node_modules/typescript/lib/lib.es2015.reflect.d.ts","/usr/local/lib/node_modules/typescript/lib/lib.es2015.symbol.d.ts","/usr/local/lib/node_modules/typescript/lib/lib.es2015.symbol.wellknown.d.ts","/usr/local/lib/node_modules/typescript/lib/lib.es2016.array.include.d.ts","/usr/local/lib/node_modules/typescript/lib/lib.es2016.full.d.ts","/home/macarrones/Melquisedec-API/controllers/product/utils.js","/home/macarrones/Melquisedec-API/controllers/product/filters.js","/home/macarrones/Melquisedec-API/controllers/product/index.js"],"compilerOptions":{"module":1,"target":3,"jsx":1,"allowJs":true,"allowSyntheticDefaultImports":true,"allowNonTsExtensions":true,"noEmitForJsFiles":true,"maxNodeModuleJsDepth":2},"typeAcquisition":{"enable":true,"include":[],"exclude":[]},"unresolvedImports":[],"projectRootPath":"/home/macarrones/Melquisedec-API/controllers/product","kind":"discover"}
[21:37:40.752] Loaded safelist from types map file '/usr/local/lib/node_modules/typescript/lib/typesMap.json'
[21:37:40.753] Explicitly included types: []
[21:37:40.753] Inferred typings from unresolved imports: []
[21:37:40.753] Result: {"cachedTypingPaths":[],"newTypingNames":[],"filesToWatch":["/home/macarrones/Melquisedec-API/controllers/product/bower_components","/home/macarrones/Melquisedec-API/controllers/product/node_modules"]}
[21:37:40.753] Finished typings discovery: {"cachedTypingPaths":[],"newTypingNames":[],"filesToWatch":["/home/macarrones/Melquisedec-API/controllers/product/bower_components","/home/macarrones/Melquisedec-API/controllers/product/node_modules"]}
[21:37:40.753] DirectoryWatcher:: Added:: WatchInfo: /home/macarrones/Melquisedec-API/controllers/product/bower_components
[21:37:40.754] DirectoryWatcher:: Added:: WatchInfo: /home/macarrones/Melquisedec-API/controllers/product/bower_components 1 undefined Project: /dev/null/inferredProject1* watcher already invoked: false
[21:37:40.755] Elapsed:: 1.1374160051345825ms DirectoryWatcher:: Added:: WatchInfo: /home/macarrones/Melquisedec-API/controllers/product/bower_components 1 undefined Project: /dev/null/inferredProject1* watcher already invoked: false
[21:37:40.755] DirectoryWatcher:: Added:: WatchInfo: /home/macarrones/Melquisedec-API/controllers/product/node_modules
[21:37:40.755] DirectoryWatcher:: Added:: WatchInfo: /home/macarrones/Melquisedec-API/controllers/product/node_modules 1 undefined Project: /dev/null/inferredProject1* watcher already invoked: false
[21:37:40.755] Elapsed:: 0.08256898820400238ms DirectoryWatcher:: Added:: WatchInfo: /home/macarrones/Melquisedec-API/controllers/product/node_modules 1 undefined Project: /dev/null/inferredProject1* watcher already invoked: false
[21:37:40.755] Sending response:
    {"projectName":"/dev/null/inferredProject1*","typeAcquisition":{"enable":true,"include":[],"exclude":[]},"compilerOptions":{"module":1,"target":3,"jsx":1,"allowJs":true,"allowSyntheticDefaultImports":true,"allowNonTsExtensions":true,"noEmitForJsFiles":true,"maxNodeModuleJsDepth":2},"typings":[],"unresolvedImports":[],"kind":"action::set"}
[21:37:40.756] Response has been sent.
[21:37:40.756] No new typings were requested as a result of typings discovery
[21:52:44.256] Got install request {"projectName":"/dev/null/inferredProject2*","fileNames":["/usr/local/lib/node_modules/typescript/lib/lib.es5.d.ts","/usr/local/lib/node_modules/typescript/lib/lib.es2015.d.ts","/usr/local/lib/node_modules/typescript/lib/lib.es2016.d.ts","/usr/local/lib/node_modules/typescript/lib/lib.dom.d.ts","/usr/local/lib/node_modules/typescript/lib/lib.dom.iterable.d.ts","/usr/local/lib/node_modules/typescript/lib/lib.webworker.importscripts.d.ts","/usr/local/lib/node_modules/typescript/lib/lib.scripthost.d.ts","/usr/local/lib/node_modules/typescript/lib/lib.es2015.core.d.ts","/usr/local/lib/node_modules/typescript/lib/lib.es2015.collection.d.ts","/usr/local/lib/node_modules/typescript/lib/lib.es2015.generator.d.ts","/usr/local/lib/node_modules/typescript/lib/lib.es2015.iterable.d.ts","/usr/local/lib/node_modules/typescript/lib/lib.es2015.promise.d.ts","/usr/local/lib/node_modules/typescript/lib/lib.es2015.proxy.d.ts","/usr/local/lib/node_modules/typescript/lib/lib.es2015.reflect.d.ts","/usr/local/lib/node_modules/typescript/lib/lib.es2015.symbol.d.ts","/usr/local/lib/node_modules/typescript/lib/lib.es2015.symbol.wellknown.d.ts","/usr/local/lib/node_modules/typescript/lib/lib.es2016.array.include.d.ts","/usr/local/lib/node_modules/typescript/lib/lib.es2016.full.d.ts","/home/macarrones/Melquisedec-API/middlewares/errorMiddleware.js"],"compilerOptions":{"module":1,"target":3,"jsx":1,"allowJs":true,"allowSyntheticDefaultImports":true,"allowNonTsExtensions":true,"noEmitForJsFiles":true,"maxNodeModuleJsDepth":2},"typeAcquisition":{"enable":true,"include":[],"exclude":[]},"unresolvedImports":[],"projectRootPath":"/home/macarrones/Melquisedec-API/middlewares","kind":"discover"}
[21:52:44.257] Explicitly included types: []
[21:52:44.257] Inferred typings from unresolved imports: []
[21:52:44.257] Result: {"cachedTypingPaths":[],"newTypingNames":[],"filesToWatch":["/home/macarrones/Melquisedec-API/middlewares/bower_components","/home/macarrones/Melquisedec-API/middlewares/node_modules"]}
[21:52:44.257] Finished typings discovery: {"cachedTypingPaths":[],"newTypingNames":[],"filesToWatch":["/home/macarrones/Melquisedec-API/middlewares/bower_components","/home/macarrones/Melquisedec-API/middlewares/node_modules"]}
[21:52:44.257] DirectoryWatcher:: Added:: WatchInfo: /home/macarrones/Melquisedec-API/middlewares/bower_components
[21:52:44.257] DirectoryWatcher:: Added:: WatchInfo: /home/macarrones/Melquisedec-API/middlewares/bower_components 1 undefined Project: /dev/null/inferredProject2* watcher already invoked: false
[21:52:44.257] Elapsed:: 0.09335500001907349ms DirectoryWatcher:: Added:: WatchInfo: /home/macarrones/Melquisedec-API/middlewares/bower_components 1 undefined Project: /dev/null/inferredProject2* watcher already invoked: false
[21:52:44.257] DirectoryWatcher:: Added:: WatchInfo: /home/macarrones/Melquisedec-API/middlewares/node_modules
[21:52:44.257] DirectoryWatcher:: Added:: WatchInfo: /home/macarrones/Melquisedec-API/middlewares/node_modules 1 undefined Project: /dev/null/inferredProject2* watcher already invoked: false
[21:52:44.257] Elapsed:: 0.06611400842666626ms DirectoryWatcher:: Added:: WatchInfo: /home/macarrones/Melquisedec-API/middlewares/node_modules 1 undefined Project: /dev/null/inferredProject2* watcher already invoked: false
[21:52:44.257] Sending response:
    {"projectName":"/dev/null/inferredProject2*","typeAcquisition":{"enable":true,"include":[],"exclude":[]},"compilerOptions":{"module":1,"target":3,"jsx":1,"allowJs":true,"allowSyntheticDefaultImports":true,"allowNonTsExtensions":true,"noEmitForJsFiles":true,"maxNodeModuleJsDepth":2},"typings":[],"unresolvedImports":[],"kind":"action::set"}
[21:52:44.257] Response has been sent.
[21:52:44.257] No new typings were requested as a result of typings discovery
