[20:05:51.626] Global cache location '/home/macarrones/.cache/typescript/4.3', safe file path '/usr/local/lib/node_modules/typescript/lib/typingSafeList.json', types map path /usr/local/lib/node_modules/typescript/lib/typesMap.json
[20:05:51.627] Processing cache location '/home/macarrones/.cache/typescript/4.3'
[20:05:51.627] Trying to find '/home/macarrones/.cache/typescript/4.3/package.json'...
[20:05:51.628] Loaded content of '/home/macarrones/.cache/typescript/4.3/package.json': {"private":true,"dependencies":{"types-registry":"^0.1.547"},"devDependencies":{"@types/async":"^3.2.6","@types/atob":"^2.1.2","@types/bcrypt":"^5.0.0","@types/body-parser":"^1.19.0","@types/busboy":"^0.2.3","@types/co":"^4.6.2","@types/concat-stream":"^1.6.0","@types/d":"^1.0.0","@types/debounce-promise":"^3.1.3","@types/downloadjs":"^1.4.2","@types/express":"^4.17.12","@types/history":"^4.7.8","@types/inherits":"0.0.30","@types/invariant":"^2.2.34","@types/lodash.debounce":"^4.0.6","@types/luxon":"^1.27.0","@types/lz-string":"^1.3.34","@types/merge-descriptors":"^1.0.1","@types/mkdirp":"^1.0.1","@types/multer":"^1.4.6","@types/node":"^15.12.2","@types/nodemon":"^1.19.0","@types/object-assign":"^4.0.30","@types/on-finished":"^2.3.1","@types/react":"^17.0.11","@types/react-dom":"^17.0.8","@types/react-highlight-words":"^0.16.2","@types/react-input-autosize":"^2.2.0","@types/react-is":"^17.0.1","@types/react-lifecycles-compat":"^3.0.1","@types/react-loadable":"^5.5.5","@types/react-paginate":"^7.1.0","@types/react-redux":"^7.1.16","@types/react-resizable":"^1.7.2","@types/react-router":"^5.1.15","@types/react-router-dom":"^5.1.7","@types/react-select":"^4.0.16","@types/react-table":"^7.7.1","@types/react-transition-group":"^4.4.1","@types/redux-actions":"^2.6.1","@types/serve-static":"^1.13.9","@types/shallowequal":"^1.1.1","@types/sprintf":"^0.1.0","@types/styled-components":"^5.1.10","@types/stylis":"^4.0.0","@types/testing-library__jest-dom":"^5.14.0","@types/tryer":"^1.0.1","@types/type-is":"^1.6.3","@types/underscore":"^1.11.2","@types/validator":"^13.1.4","@types/xtend":"^4.0.3","@types/yup":"^0.29.11"}}
[20:05:51.628] Loaded content of '/home/macarrones/.cache/typescript/4.3/package-lock.json'
[20:05:51.636] Adding entry into typings cache: 'async' => '/home/macarrones/.cache/typescript/4.3/node_modules/@types/async/index.d.ts'
[20:05:51.638] Adding entry into typings cache: 'atob' => '/home/macarrones/.cache/typescript/4.3/node_modules/@types/atob/index.d.ts'
[20:05:51.640] Adding entry into typings cache: 'bcrypt' => '/home/macarrones/.cache/typescript/4.3/node_modules/@types/bcrypt/index.d.ts'
[20:05:51.642] Adding entry into typings cache: 'body-parser' => '/home/macarrones/.cache/typescript/4.3/node_modules/@types/body-parser/index.d.ts'
[20:05:51.644] Adding entry into typings cache: 'busboy' => '/home/macarrones/.cache/typescript/4.3/node_modules/@types/busboy/index.d.ts'
[20:05:51.646] Adding entry into typings cache: 'co' => '/home/macarrones/.cache/typescript/4.3/node_modules/@types/co/index.d.ts'
[20:05:51.648] Adding entry into typings cache: 'concat-stream' => '/home/macarrones/.cache/typescript/4.3/node_modules/@types/concat-stream/index.d.ts'
[20:05:51.649] Adding entry into typings cache: 'd' => '/home/macarrones/.cache/typescript/4.3/node_modules/@types/d/index.d.ts'
[20:05:51.650] Adding entry into typings cache: 'debounce-promise' => '/home/macarrones/.cache/typescript/4.3/node_modules/@types/debounce-promise/index.d.ts'
[20:05:51.651] Adding entry into typings cache: 'downloadjs' => '/home/macarrones/.cache/typescript/4.3/node_modules/@types/downloadjs/index.d.ts'
[20:05:51.654] Adding entry into typings cache: 'express' => '/home/macarrones/.cache/typescript/4.3/node_modules/@types/express/index.d.ts'
[20:05:51.656] Adding entry into typings cache: 'history' => '/home/macarrones/.cache/typescript/4.3/node_modules/@types/history/index.d.ts'
[20:05:51.657] Adding entry into typings cache: 'inherits' => '/home/macarrones/.cache/typescript/4.3/node_modules/@types/inherits/index.d.ts'
[20:05:51.659] Adding entry into typings cache: 'invariant' => '/home/macarrones/.cache/typescript/4.3/node_modules/@types/invariant/index.d.ts'
[20:05:51.660] Adding entry into typings cache: 'lodash.debounce' => '/home/macarrones/.cache/typescript/4.3/node_modules/@types/lodash.debounce/index.d.ts'
[20:05:51.662] Adding entry into typings cache: 'luxon' => '/home/macarrones/.cache/typescript/4.3/node_modules/@types/luxon/index.d.ts'
[20:05:51.663] Adding entry into typings cache: 'lz-string' => '/home/macarrones/.cache/typescript/4.3/node_modules/@types/lz-string/index.d.ts'
[20:05:51.664] Adding entry into typings cache: 'merge-descriptors' => '/home/macarrones/.cache/typescript/4.3/node_modules/@types/merge-descriptors/index.d.ts'
[20:05:51.665] Adding entry into typings cache: 'mkdirp' => '/home/macarrones/.cache/typescript/4.3/node_modules/@types/mkdirp/index.d.ts'
[20:05:51.666] Adding entry into typings cache: 'multer' => '/home/macarrones/.cache/typescript/4.3/node_modules/@types/multer/index.d.ts'
[20:05:51.669] Adding entry into typings cache: 'node' => '/home/macarrones/.cache/typescript/4.3/node_modules/@types/node/index.d.ts'
[20:05:51.670] Adding entry into typings cache: 'nodemon' => '/home/macarrones/.cache/typescript/4.3/node_modules/@types/nodemon/index.d.ts'
[20:05:51.671] Adding entry into typings cache: 'object-assign' => '/home/macarrones/.cache/typescript/4.3/node_modules/@types/object-assign/index.d.ts'
[20:05:51.673] Adding entry into typings cache: 'on-finished' => '/home/macarrones/.cache/typescript/4.3/node_modules/@types/on-finished/index.d.ts'
[20:05:51.675] Adding entry into typings cache: 'react' => '/home/macarrones/.cache/typescript/4.3/node_modules/@types/react/index.d.ts'
[20:05:51.677] Adding entry into typings cache: 'react-dom' => '/home/macarrones/.cache/typescript/4.3/node_modules/@types/react-dom/index.d.ts'
[20:05:51.678] Adding entry into typings cache: 'react-highlight-words' => '/home/macarrones/.cache/typescript/4.3/node_modules/@types/react-highlight-words/index.d.ts'
[20:05:51.679] Adding entry into typings cache: 'react-input-autosize' => '/home/macarrones/.cache/typescript/4.3/node_modules/@types/react-input-autosize/index.d.ts'
[20:05:51.681] Adding entry into typings cache: 'react-is' => '/home/macarrones/.cache/typescript/4.3/node_modules/@types/react-is/index.d.ts'
[20:05:51.682] Adding entry into typings cache: 'react-lifecycles-compat' => '/home/macarrones/.cache/typescript/4.3/node_modules/@types/react-lifecycles-compat/index.d.ts'
[20:05:51.684] Adding entry into typings cache: 'react-loadable' => '/home/macarrones/.cache/typescript/4.3/node_modules/@types/react-loadable/index.d.ts'
[20:05:51.686] Adding entry into typings cache: 'react-paginate' => '/home/macarrones/.cache/typescript/4.3/node_modules/@types/react-paginate/index.d.ts'
[20:05:51.689] Adding entry into typings cache: 'react-redux' => '/home/macarrones/.cache/typescript/4.3/node_modules/@types/react-redux/index.d.ts'
[20:05:51.690] Adding entry into typings cache: 'react-resizable' => '/home/macarrones/.cache/typescript/4.3/node_modules/@types/react-resizable/index.d.ts'
[20:05:51.693] Adding entry into typings cache: 'react-router' => '/home/macarrones/.cache/typescript/4.3/node_modules/@types/react-router/index.d.ts'
[20:05:51.694] Adding entry into typings cache: 'react-router-dom' => '/home/macarrones/.cache/typescript/4.3/node_modules/@types/react-router-dom/index.d.ts'
[20:05:51.695] Adding entry into typings cache: 'react-select' => '/home/macarrones/.cache/typescript/4.3/node_modules/@types/react-select/index.d.ts'
[20:05:51.696] Adding entry into typings cache: 'react-table' => '/home/macarrones/.cache/typescript/4.3/node_modules/@types/react-table/index.d.ts'
[20:05:51.697] Adding entry into typings cache: 'react-transition-group' => '/home/macarrones/.cache/typescript/4.3/node_modules/@types/react-transition-group/index.d.ts'
[20:05:51.698] Adding entry into typings cache: 'redux-actions' => '/home/macarrones/.cache/typescript/4.3/node_modules/@types/redux-actions/index.d.ts'
[20:05:51.700] Adding entry into typings cache: 'serve-static' => '/home/macarrones/.cache/typescript/4.3/node_modules/@types/serve-static/index.d.ts'
[20:05:51.700] Adding entry into typings cache: 'shallowequal' => '/home/macarrones/.cache/typescript/4.3/node_modules/@types/shallowequal/index.d.ts'
[20:05:51.701] Adding entry into typings cache: 'sprintf' => '/home/macarrones/.cache/typescript/4.3/node_modules/@types/sprintf/index.d.ts'
[20:05:51.702] Adding entry into typings cache: 'styled-components' => '/home/macarrones/.cache/typescript/4.3/node_modules/@types/styled-components/index.d.ts'
[20:05:51.703] Adding entry into typings cache: 'stylis' => '/home/macarrones/.cache/typescript/4.3/node_modules/@types/stylis/index.d.ts'
[20:05:51.704] Adding entry into typings cache: 'testing-library__jest-dom' => '/home/macarrones/.cache/typescript/4.3/node_modules/@types/testing-library__jest-dom/index.d.ts'
[20:05:51.704] Adding entry into typings cache: 'tryer' => '/home/macarrones/.cache/typescript/4.3/node_modules/@types/tryer/index.d.ts'
[20:05:51.705] Adding entry into typings cache: 'type-is' => '/home/macarrones/.cache/typescript/4.3/node_modules/@types/type-is/index.d.ts'
[20:05:51.706] Adding entry into typings cache: 'underscore' => '/home/macarrones/.cache/typescript/4.3/node_modules/@types/underscore/index.d.ts'
[20:05:51.707] Adding entry into typings cache: 'validator' => '/home/macarrones/.cache/typescript/4.3/node_modules/@types/validator/index.d.ts'
[20:05:51.708] Adding entry into typings cache: 'xtend' => '/home/macarrones/.cache/typescript/4.3/node_modules/@types/xtend/index.d.ts'
[20:05:51.710] Adding entry into typings cache: 'yup' => '/home/macarrones/.cache/typescript/4.3/node_modules/@types/yup/index.d.ts'
[20:05:51.710] Finished processing cache location '/home/macarrones/.cache/typescript/4.3'
[20:05:51.710] Process id: 7418
[20:05:51.710] NPM location: /usr/local/bin/npm (explicit '--npmLocation' not  provided)
[20:05:51.710] validateDefaultNpmLocation: false
[20:05:51.710] Npm config file: /home/macarrones/.cache/typescript/4.3/package.json
[20:05:51.710] Updating types-registry npm package...
[20:05:51.710] Exec: /usr/local/bin/npm install --ignore-scripts types-registry@latest
[20:05:52.562]     Succeeded. stdout:
    
    up to date, audited 103 packages in 766ms

3 packages are looking for funding
  run `npm fund` for details

found 0 vulnerabilities

[20:05:52.562] Updated types-registry npm package
[20:05:52.677] Got install request {"projectName":"/dev/null/inferredProject1*","fileNames":["/usr/local/lib/node_modules/typescript/lib/lib.es5.d.ts","/usr/local/lib/node_modules/typescript/lib/lib.es2015.d.ts","/usr/local/lib/node_modules/typescript/lib/lib.es2016.d.ts","/usr/local/lib/node_modules/typescript/lib/lib.dom.d.ts","/usr/local/lib/node_modules/typescript/lib/lib.dom.iterable.d.ts","/usr/local/lib/node_modules/typescript/lib/lib.webworker.importscripts.d.ts","/usr/local/lib/node_modules/typescript/lib/lib.scripthost.d.ts","/usr/local/lib/node_modules/typescript/lib/lib.es2015.core.d.ts","/usr/local/lib/node_modules/typescript/lib/lib.es2015.collection.d.ts","/usr/local/lib/node_modules/typescript/lib/lib.es2015.generator.d.ts","/usr/local/lib/node_modules/typescript/lib/lib.es2015.iterable.d.ts","/usr/local/lib/node_modules/typescript/lib/lib.es2015.promise.d.ts","/usr/local/lib/node_modules/typescript/lib/lib.es2015.proxy.d.ts","/usr/local/lib/node_modules/typescript/lib/lib.es2015.reflect.d.ts","/usr/local/lib/node_modules/typescript/lib/lib.es2015.symbol.d.ts","/usr/local/lib/node_modules/typescript/lib/lib.es2015.symbol.wellknown.d.ts","/usr/local/lib/node_modules/typescript/lib/lib.es2016.array.include.d.ts","/usr/local/lib/node_modules/typescript/lib/lib.es2016.full.d.ts","/home/macarrones/Projects/Melquisedec-API/controllers/supplying/filters.js","/home/macarrones/Projects/Melquisedec-API/utils/fetchPaginated.js","/home/macarrones/Projects/Melquisedec-API/controllers/supplying/index.js"],"compilerOptions":{"module":1,"target":3,"jsx":1,"allowJs":true,"allowSyntheticDefaultImports":true,"allowNonTsExtensions":true,"noEmitForJsFiles":true,"maxNodeModuleJsDepth":2},"typeAcquisition":{"enable":true,"include":[],"exclude":[]},"unresolvedImports":[],"projectRootPath":"/home/macarrones/Projects/Melquisedec-API/controllers/supplying","kind":"discover"}
[20:05:52.687] Loaded safelist from types map file '/usr/local/lib/node_modules/typescript/lib/typesMap.json'
[20:05:52.687] Explicitly included types: []
[20:05:52.688] Inferred typings from unresolved imports: []
[20:05:52.688] Result: {"cachedTypingPaths":[],"newTypingNames":[],"filesToWatch":["/home/macarrones/Projects/Melquisedec-API/controllers/supplying/bower_components","/home/macarrones/Projects/Melquisedec-API/controllers/supplying/node_modules","/home/macarrones/Projects/Melquisedec-API/utils/bower_components","/home/macarrones/Projects/Melquisedec-API/utils/node_modules"]}
[20:05:52.688] Finished typings discovery: {"cachedTypingPaths":[],"newTypingNames":[],"filesToWatch":["/home/macarrones/Projects/Melquisedec-API/controllers/supplying/bower_components","/home/macarrones/Projects/Melquisedec-API/controllers/supplying/node_modules","/home/macarrones/Projects/Melquisedec-API/utils/bower_components","/home/macarrones/Projects/Melquisedec-API/utils/node_modules"]}
[20:05:52.688] DirectoryWatcher:: Added:: WatchInfo: /home/macarrones/Projects/Melquisedec-API/controllers/supplying/bower_components
[20:05:52.688] DirectoryWatcher:: Added:: WatchInfo: /home/macarrones/Projects/Melquisedec-API/controllers/supplying/bower_components 1 undefined Project: /dev/null/inferredProject1* watcher already invoked: false
[20:05:52.689] Elapsed:: 1.1469499999657273ms DirectoryWatcher:: Added:: WatchInfo: /home/macarrones/Projects/Melquisedec-API/controllers/supplying/bower_components 1 undefined Project: /dev/null/inferredProject1* watcher already invoked: false
[20:05:52.690] DirectoryWatcher:: Added:: WatchInfo: /home/macarrones/Projects/Melquisedec-API/controllers/supplying/node_modules
[20:05:52.690] DirectoryWatcher:: Added:: WatchInfo: /home/macarrones/Projects/Melquisedec-API/controllers/supplying/node_modules 1 undefined Project: /dev/null/inferredProject1* watcher already invoked: false
[20:05:52.690] Elapsed:: 0.09708300000056624ms DirectoryWatcher:: Added:: WatchInfo: /home/macarrones/Projects/Melquisedec-API/controllers/supplying/node_modules 1 undefined Project: /dev/null/inferredProject1* watcher already invoked: false
[20:05:52.690] DirectoryWatcher:: Added:: WatchInfo: /home/macarrones/Projects/Melquisedec-API/utils/bower_components
[20:05:52.690] DirectoryWatcher:: Added:: WatchInfo: /home/macarrones/Projects/Melquisedec-API/utils/bower_components 1 undefined Project: /dev/null/inferredProject1* watcher already invoked: false
[20:05:52.690] Elapsed:: 0.06856600008904934ms DirectoryWatcher:: Added:: WatchInfo: /home/macarrones/Projects/Melquisedec-API/utils/bower_components 1 undefined Project: /dev/null/inferredProject1* watcher already invoked: false
[20:05:52.690] DirectoryWatcher:: Added:: WatchInfo: /home/macarrones/Projects/Melquisedec-API/utils/node_modules
[20:05:52.690] DirectoryWatcher:: Added:: WatchInfo: /home/macarrones/Projects/Melquisedec-API/utils/node_modules 1 undefined Project: /dev/null/inferredProject1* watcher already invoked: false
[20:05:52.690] Elapsed:: 0.06524799996986985ms DirectoryWatcher:: Added:: WatchInfo: /home/macarrones/Projects/Melquisedec-API/utils/node_modules 1 undefined Project: /dev/null/inferredProject1* watcher already invoked: false
[20:05:52.690] Sending response:
    {"projectName":"/dev/null/inferredProject1*","typeAcquisition":{"enable":true,"include":[],"exclude":[]},"compilerOptions":{"module":1,"target":3,"jsx":1,"allowJs":true,"allowSyntheticDefaultImports":true,"allowNonTsExtensions":true,"noEmitForJsFiles":true,"maxNodeModuleJsDepth":2},"typings":[],"unresolvedImports":[],"kind":"action::set"}
[20:05:52.691] Response has been sent.
[20:05:52.691] No new typings were requested as a result of typings discovery
[20:49:59.217] Got install request {"projectName":"/dev/null/inferredProject2*","fileNames":["/usr/local/lib/node_modules/typescript/lib/lib.es5.d.ts","/usr/local/lib/node_modules/typescript/lib/lib.es2015.d.ts","/usr/local/lib/node_modules/typescript/lib/lib.es2016.d.ts","/usr/local/lib/node_modules/typescript/lib/lib.dom.d.ts","/usr/local/lib/node_modules/typescript/lib/lib.dom.iterable.d.ts","/usr/local/lib/node_modules/typescript/lib/lib.webworker.importscripts.d.ts","/usr/local/lib/node_modules/typescript/lib/lib.scripthost.d.ts","/usr/local/lib/node_modules/typescript/lib/lib.es2015.core.d.ts","/usr/local/lib/node_modules/typescript/lib/lib.es2015.collection.d.ts","/usr/local/lib/node_modules/typescript/lib/lib.es2015.generator.d.ts","/usr/local/lib/node_modules/typescript/lib/lib.es2015.iterable.d.ts","/usr/local/lib/node_modules/typescript/lib/lib.es2015.promise.d.ts","/usr/local/lib/node_modules/typescript/lib/lib.es2015.proxy.d.ts","/usr/local/lib/node_modules/typescript/lib/lib.es2015.reflect.d.ts","/usr/local/lib/node_modules/typescript/lib/lib.es2015.symbol.d.ts","/usr/local/lib/node_modules/typescript/lib/lib.es2015.symbol.wellknown.d.ts","/usr/local/lib/node_modules/typescript/lib/lib.es2016.array.include.d.ts","/usr/local/lib/node_modules/typescript/lib/lib.es2016.full.d.ts","/home/macarrones/Projects/Melquisedec-API/middlewares/paginate.js"],"compilerOptions":{"module":1,"target":3,"jsx":1,"allowJs":true,"allowSyntheticDefaultImports":true,"allowNonTsExtensions":true,"noEmitForJsFiles":true,"maxNodeModuleJsDepth":2},"typeAcquisition":{"enable":true,"include":[],"exclude":[]},"unresolvedImports":[],"projectRootPath":"/home/macarrones/Projects/Melquisedec-API/middlewares","kind":"discover"}
[20:49:59.217] Explicitly included types: []
[20:49:59.217] Inferred typings from unresolved imports: []
[20:49:59.217] Result: {"cachedTypingPaths":[],"newTypingNames":[],"filesToWatch":["/home/macarrones/Projects/Melquisedec-API/middlewares/bower_components","/home/macarrones/Projects/Melquisedec-API/middlewares/node_modules"]}
[20:49:59.217] Finished typings discovery: {"cachedTypingPaths":[],"newTypingNames":[],"filesToWatch":["/home/macarrones/Projects/Melquisedec-API/middlewares/bower_components","/home/macarrones/Projects/Melquisedec-API/middlewares/node_modules"]}
[20:49:59.217] DirectoryWatcher:: Added:: WatchInfo: /home/macarrones/Projects/Melquisedec-API/middlewares/bower_components
[20:49:59.217] DirectoryWatcher:: Added:: WatchInfo: /home/macarrones/Projects/Melquisedec-API/middlewares/bower_components 1 undefined Project: /dev/null/inferredProject2* watcher already invoked: false
[20:49:59.217] Elapsed:: 0.09988899994641542ms DirectoryWatcher:: Added:: WatchInfo: /home/macarrones/Projects/Melquisedec-API/middlewares/bower_components 1 undefined Project: /dev/null/inferredProject2* watcher already invoked: false
[20:49:59.217] DirectoryWatcher:: Added:: WatchInfo: /home/macarrones/Projects/Melquisedec-API/middlewares/node_modules
[20:49:59.217] DirectoryWatcher:: Added:: WatchInfo: /home/macarrones/Projects/Melquisedec-API/middlewares/node_modules 1 undefined Project: /dev/null/inferredProject2* watcher already invoked: false
[20:49:59.217] Elapsed:: 0.08401400037109852ms DirectoryWatcher:: Added:: WatchInfo: /home/macarrones/Projects/Melquisedec-API/middlewares/node_modules 1 undefined Project: /dev/null/inferredProject2* watcher already invoked: false
[20:49:59.218] Sending response:
    {"projectName":"/dev/null/inferredProject2*","typeAcquisition":{"enable":true,"include":[],"exclude":[]},"compilerOptions":{"module":1,"target":3,"jsx":1,"allowJs":true,"allowSyntheticDefaultImports":true,"allowNonTsExtensions":true,"noEmitForJsFiles":true,"maxNodeModuleJsDepth":2},"typings":[],"unresolvedImports":[],"kind":"action::set"}
[20:49:59.218] Response has been sent.
[20:49:59.218] No new typings were requested as a result of typings discovery
